#
# A fatal error has been detected by the Java Runtime Environment:
#
#  EXCEPTION_ACCESS_VIOLATION (0xc0000005) at pc=0x00007ffaf86a0d5d, pid=25420, tid=25412
#
# JRE version: OpenJDK Runtime Environment (17.0.6) (build 17.0.6+0-b2043.56-10027231)
# Java VM: OpenJDK 64-Bit Server VM (17.0.6+0-b2043.56-10027231, mixed mode, tiered, compressed oops, compressed class ptrs, g1 gc, windows-amd64)
# Problematic frame:
# V  [jvm.dll+0x7b0d5d]
#
# No core dump will be written. Minidumps are not enabled by default on client versions of Windows
#
# If you would like to submit a bug report, please visit:
#   https://bugreport.java.com/bugreport/crash.jsp
#

---------------  S U M M A R Y ------------

Command Line: --add-opens=java.base/java.util=ALL-UNNAMED --add-opens=java.base/java.lang=ALL-UNNAMED --add-opens=java.base/java.lang.invoke=ALL-UNNAMED --add-opens=java.prefs/java.util.prefs=ALL-UNNAMED --add-opens=java.base/java.nio.charset=ALL-UNNAMED --add-opens=java.base/java.net=ALL-UNNAMED --add-opens=java.base/java.util.concurrent.atomic=ALL-UNNAMED -Xmx2048m -Dfile.encoding=UTF-8 -Duser.country=MX -Duser.language=es -Duser.variant org.gradle.launcher.daemon.bootstrap.GradleDaemon 8.0

Host: Intel(R) Core(TM) i5-1035G1 CPU @ 1.00GHz, 8 cores, 11G,  Windows 11 , 64 bit Build 22621 (10.0.22621.2506)
Time: Thu Dec 14 16:05:33 2023 Hora estándar central (México) elapsed time: 3451.639526 seconds (0d 0h 57m 31s)

---------------  T H R E A D  ---------------

Current thread (0x000001c433457830):  JavaThread "Service Thread" daemon [_thread_in_vm, id=25412, stack(0x00000072e6b00000,0x00000072e6c00000)]

Stack: [0x00000072e6b00000,0x00000072e6c00000],  sp=0x00000072e6bff1f0,  free space=1020k
Native frames: (J=compiled Java code, j=interpreted, Vv=VM code, C=native code)
V  [jvm.dll+0x7b0d5d]
V  [jvm.dll+0x7b2225]
V  [jvm.dll+0x6e80f3]
V  [jvm.dll+0x7f81ec]
V  [jvm.dll+0x7f274a]
V  [jvm.dll+0x682ad5]
C  [ucrtbase.dll+0x29363]
C  [KERNEL32.DLL+0x1257d]
C  [ntdll.dll+0x5aa58]


siginfo: EXCEPTION_ACCESS_VIOLATION (0xc0000005), reading address 0xffffffffffffffff


Register to memory mapping:

RIP=0x00007ffaf86a0d5d jvm.dll
RAX=0x000001c438234620 points into unknown readable memory: 0x2e27000e3ea90001 | 01 00 a9 3e 0e 00 27 2e
RBX=0x0 is NULL
RCX=0x000000003ea90001 is an unknown value
RDX=0x000001c437a80910 points into unknown readable memory: 0x000001c435f7e5d0 | d0 e5 f7 35 c4 01 00 00
RSP=0x00000072e6bff1f0 is pointing into the stack for thread: 0x000001c433457830
RBP=0x0000000000008000 is an unknown value
RSI=0x0000000000007f1a is an unknown value
RDI=0x000001c4327b1bb8 points into unknown readable memory: 0x000001c439ab0bd0 | d0 0b ab 39 c4 01 00 00
R8 =0xffffffffffffffff is an unknown value
R9 =0x0000000000000001 is an unknown value
R10=0x0000000000000003 is an unknown value
R11=0x00000072e6bff120 is pointing into the stack for thread: 0x000001c433457830
R12=0x00000072e6bffba8 is pointing into the stack for thread: 0x000001c433457830
R13=0x000001c433457830 is a thread
R14=0x0 is NULL
R15=0x000001c432771240 points into unknown readable memory: 0x0000000000000000 | 00 00 00 00 00 00 00 00


Registers:
RAX=0x000001c438234620, RBX=0x0000000000000000, RCX=0x000000003ea90001, RDX=0x000001c437a80910
RSP=0x00000072e6bff1f0, RBP=0x0000000000008000, RSI=0x0000000000007f1a, RDI=0x000001c4327b1bb8
R8 =0xffffffffffffffff, R9 =0x0000000000000001, R10=0x0000000000000003, R11=0x00000072e6bff120
R12=0x00000072e6bffba8, R13=0x000001c433457830, R14=0x0000000000000000, R15=0x000001c432771240
RIP=0x00007ffaf86a0d5d, EFLAGS=0x0000000000010286

Top of Stack: (sp=0x00000072e6bff1f0)
0x00000072e6bff1f0:   0000000000000000 0000000000007d63
0x00000072e6bff200:   000001c4327b0e00 0000000000000000
0x00000072e6bff210:   00000072e6bffbb0 00000072e6bffba8
0x00000072e6bff220:   000001c433457830 0000000000007f1a
0x00000072e6bff230:   000001c432771240 0000000000008000
0x00000072e6bff240:   000001c43276a970 0000000000000010
0x00000072e6bff250:   000001c4396720c0 0000000000000000
0x00000072e6bff260:   0000000000020011 00007ffb7dd4d2d9
0x00000072e6bff270:   0000000000000000 000001c4168c1200
0x00000072e6bff280:   000001c408000008 0000000000000000
0x00000072e6bff290:   000001c4168c02a4 0000000000000010
0x00000072e6bff2a0:   000001c4168c0cc0 00000000000007d0
0x00000072e6bff2b0:   000001c418a8c2a0 0000000000000004
0x00000072e6bff2c0:   0000000000000008 0000000000000010
0x00000072e6bff2d0:   0000000000000000 0000000000000001
0x00000072e6bff2e0:   0000000000000000 000000726a00d4be 

Instructions: (pc=0x00007ffaf86a0d5d)
0x00007ffaf86a0c5d:   48 33 cc e8 0b cf 0e 00 48 81 c4 38 08 00 00 41
0x00007ffaf86a0c6d:   5f 41 5e 41 5d 5e 5d 5b c3 cc cc cc cc cc cc cc
0x00007ffaf86a0c7d:   cc cc cc 40 53 55 56 57 41 54 41 55 41 57 48 81
0x00007ffaf86a0c8d:   ec 70 08 00 00 48 8b 05 0f 4f 3a 00 48 33 c4 48
0x00007ffaf86a0c9d:   89 84 24 60 08 00 00 48 8b 79 08 49 8b e9 48 8b
0x00007ffaf86a0cad:   9a f8 00 00 00 49 8b f0 48 8b 84 24 d8 08 00 00
0x00007ffaf86a0cbd:   4c 8b ea 4c 8b a4 24 d0 08 00 00 4c 8b f9 48 89
0x00007ffaf86a0ccd:   44 24 20 48 8b c3 4c 89 4c 24 48 48 89 54 24 30
0x00007ffaf86a0cdd:   48 89 4c 24 40 4c 89 64 24 28 48 89 7c 24 50 f6
0x00007ffaf86a0ced:   c3 01 75 0b 48 8b 05 08 f9 3d 00 48 83 c8 01 48
0x00007ffaf86a0cfd:   89 82 f8 00 00 00 e8 d8 3c ec ff 90 48 3b f5 0f
0x00007ffaf86a0d0d:   83 50 02 00 00 4c 89 b4 24 b8 08 00 00 45 33 f6
0x00007ffaf86a0d1d:   0f 1f 00 48 8b 07 48 8d 3c f0 48 ff c6 48 3b f5
0x00007ffaf86a0d2d:   48 89 74 24 38 4c 8d 47 08 4d 0f 43 c6 4d 85 c0
0x00007ffaf86a0d3d:   74 09 4d 8b 00 49 83 e0 fc eb 03 4d 8b c6 48 8b
0x00007ffaf86a0d4d:   17 48 83 e2 fc 0f 84 f4 01 00 00 4d 85 c0 74 03
0x00007ffaf86a0d5d:   4d 8b 00 48 8b 02 49 ff 04 24 48 8b 42 08 8b 08
0x00007ffaf86a0d6d:   66 85 c9 74 0d 48 8b 12 48 85 d2 75 de e9 cd 01
0x00007ffaf86a0d7d:   00 00 49 89 9d f8 00 00 00 41 8b de 0f 1f 80 00
0x00007ffaf86a0d8d:   00 00 00 48 8b 07 a8 01 75 15 48 8b 07 48 83 e0
0x00007ffaf86a0d9d:   fc 48 8b c8 48 83 c9 01 f0 48 0f b1 0f 74 18 ff
0x00007ffaf86a0dad:   c3 81 fb 00 20 00 00 75 07 e8 15 f1 ec ff eb c9
0x00007ffaf86a0dbd:   e8 4e e0 85 ff eb cc 48 8b 07 4c 8b c7 48 83 e0
0x00007ffaf86a0dcd:   fc 74 3f 49 ff 04 24 48 8b 48 08 8b 11 66 85 d2
0x00007ffaf86a0ddd:   75 25 4a 89 44 f4 60 49 ff c6 48 8b 00 49 8b 08
0x00007ffaf86a0ded:   48 33 c8 83 e1 03 48 33 c8 49 89 08 49 81 fe 00
0x00007ffaf86a0dfd:   01 00 00 74 0d eb 06 4c 8b c0 48 8b 00 48 85 c0
0x00007ffaf86a0e0d:   75 c1 48 8b 07 48 83 e0 fc 80 bc 24 e0 08 00 00
0x00007ffaf86a0e1d:   00 48 89 07 75 13 e8 b8 3b ec ff 90 49 8b 47 48
0x00007ffaf86a0e2d:   49 3b c5 74 09 4d 89 6f 48 e8 b5 0b b9 ff 33 ed
0x00007ffaf86a0e3d:   4d 85 f6 0f 84 d7 00 00 00 4c 8b 64 24 20 44 8d
0x00007ffaf86a0e4d:   6d 08 90 49 ff 04 24 48 8b 74 ec 60 48 8b 46 08 


Stack slot to memory mapping:
stack at sp + 0 slots: 0x0 is NULL
stack at sp + 1 slots: 0x0000000000007d63 is an unknown value
stack at sp + 2 slots: 0x000001c4327b0e00 points into unknown readable memory: 0x000001c437916ae0 | e0 6a 91 37 c4 01 00 00
stack at sp + 3 slots: 0x0 is NULL
stack at sp + 4 slots: 0x00000072e6bffbb0 is pointing into the stack for thread: 0x000001c433457830
stack at sp + 5 slots: 0x00000072e6bffba8 is pointing into the stack for thread: 0x000001c433457830
stack at sp + 6 slots: 0x000001c433457830 is a thread
stack at sp + 7 slots: 0x0000000000007f1a is an unknown value


---------------  P R O C E S S  ---------------

Threads class SMR info:
_java_thread_list=0x000001c43d47a2a0, length=137, elements={
0x000001c418a87ba0, 0x000001c4328f9090, 0x000001c4328f9c40, 0x000001c433450290,
0x000001c433452d60, 0x000001c433457830, 0x000001c4334581e0, 0x000001c433458ec0,
0x000001c4334598b0, 0x000001c43345a2a0, 0x000001c4335ef5c0, 0x000001c4335efe90,
0x000001c434ca5830, 0x000001c4346b4a60, 0x000001c435957e60, 0x000001c4340dd010,
0x000001c4340d9ff0, 0x000001c4340db330, 0x000001c4340da990, 0x000001c4340dd9b0,
0x000001c4378bf530, 0x000001c4378c0870, 0x000001c4378c2a20, 0x000001c4378c2ef0,
0x000001c4378bc510, 0x000001c4378c03a0, 0x000001c4378c2080, 0x000001c4378c1210,
0x000001c43a7d3d10, 0x000001c43a7d5520, 0x000001c43a7d59f0, 0x000001c43930f4f0,
0x000001c43a7d2500, 0x000001c43a7d5050, 0x000001c43a7d4b80, 0x000001c43a7d2ea0,
0x000001c43975f6e0, 0x000001c43975ed40, 0x000001c43975f210, 0x000001c434e972d0,
0x000001c438eb5760, 0x000001c438eb82b0, 0x000001c438eb6f70, 0x000001c438eb9120,
0x000001c438eb8780, 0x000001c438eb7910, 0x000001c4397ddc20, 0x000001c435afb6e0,
0x000001c435afbbb0, 0x000001c435afc080, 0x000001c435afc550, 0x000001c435afca20,
0x000001c435af9060, 0x000001c435af9a00, 0x000001c435af9530, 0x000001c435afa870,
0x000001c435af9ed0, 0x000001c435afa3a0, 0x000001c435afb210, 0x000001c43a274cb0,
0x000001c43a275180, 0x000001c43a274310, 0x000001c43a275650, 0x000001c43a2747e0,
0x000001c438eaa9f0, 0x000001c438eab390, 0x000001c438eaaec0, 0x000001c438eab860,
0x000001c438eaa050, 0x000001c438eaa520, 0x000001c435840110, 0x000001c43583f770,
0x000001c43583fc40, 0x000001c4358405e0, 0x000001c435841df0, 0x000001c435840ab0,
0x000001c4348e4d30, 0x000001c435ab7fe0, 0x000001c435ab7170, 0x000001c435ab7b10,
0x000001c43ab058f0, 0x000001c43ab03740, 0x000001c43ab04a80, 0x000001c43ab045b0,
0x000001c43ab03c10, 0x000001c43ab040e0, 0x000001c43ab04f50, 0x000001c43ab06290,
0x000001c43ab05dc0, 0x000001c43ab06760, 0x000001c43ab06c30, 0x000001c4392a8130,
0x000001c4392a8ad0, 0x000001c4378f73c0, 0x000001c4381aac40, 0x000001c4381abab0,
0x000001c435ab84b0, 0x000001c43a3564d0, 0x000001c43a3569a0, 0x000001c43a356000,
0x000001c43d4b1220, 0x000001c43d4b0d50, 0x000001c43d4ae6d0, 0x000001c438eb5c30,
0x000001c438eb6100, 0x000001c438eb8c50, 0x000001c438eb65d0, 0x000001c438eb6aa0,
0x000001c438eb7440, 0x000001c438eb7de0, 0x000001c437deaf00, 0x000001c437decbe0,
0x000001c437dea090, 0x000001c437deb8a0, 0x000001c43d4b0880, 0x000001c43d4afa10,
0x000001c43d4b03b0, 0x000001c43d4aeba0, 0x000001c43d4af540, 0x000001c43d343890,
0x000001c43d342080, 0x000001c43d3433c0, 0x000001c43d342550, 0x000001c43d342a20,
0x000001c435ab8980, 0x000001c43d342ef0, 0x000001c438d43f00, 0x000001c437deaa30,
0x000001c437deb3d0, 0x000001c435840f80, 0x000001c435842c60, 0x000001c4378f9570,
0x000001c4378f6ef0, 0x000001c4378f9a40, 0x000001c4378f6080, 0x000001c4381aa770,
0x000001c43a7d29d0
}

Java Threads: ( => current thread )
  0x000001c418a87ba0 JavaThread "main" [_thread_blocked, id=21560, stack(0x00000072e6000000,0x00000072e6100000)]
  0x000001c4328f9090 JavaThread "Reference Handler" daemon [_thread_blocked, id=9380, stack(0x00000072e6700000,0x00000072e6800000)]
  0x000001c4328f9c40 JavaThread "Finalizer" daemon [_thread_blocked, id=10300, stack(0x00000072e6800000,0x00000072e6900000)]
  0x000001c433450290 JavaThread "Signal Dispatcher" daemon [_thread_blocked, id=14440, stack(0x00000072e6900000,0x00000072e6a00000)]
  0x000001c433452d60 JavaThread "Attach Listener" daemon [_thread_blocked, id=10396, stack(0x00000072e6a00000,0x00000072e6b00000)]
=>0x000001c433457830 JavaThread "Service Thread" daemon [_thread_in_vm, id=25412, stack(0x00000072e6b00000,0x00000072e6c00000)]
  0x000001c4334581e0 JavaThread "Monitor Deflation Thread" daemon [_thread_blocked, id=9052, stack(0x00000072e6c00000,0x00000072e6d00000)]
  0x000001c433458ec0 JavaThread "C2 CompilerThread0" daemon [_thread_in_native, id=4460, stack(0x00000072e6d00000,0x00000072e6e00000)]
  0x000001c4334598b0 JavaThread "C1 CompilerThread0" daemon [_thread_blocked, id=10000, stack(0x00000072e6e00000,0x00000072e6f00000)]
  0x000001c43345a2a0 JavaThread "Sweeper thread" daemon [_thread_blocked, id=26396, stack(0x00000072e6f00000,0x00000072e7000000)]
  0x000001c4335ef5c0 JavaThread "Common-Cleaner" daemon [_thread_blocked, id=9068, stack(0x00000072e7000000,0x00000072e7100000)]
  0x000001c4335efe90 JavaThread "Notification Thread" daemon [_thread_blocked, id=11928, stack(0x00000072e7100000,0x00000072e7200000)]
  0x000001c434ca5830 JavaThread "Daemon health stats" [_thread_blocked, id=7480, stack(0x00000072e7900000,0x00000072e7a00000)]
  0x000001c4346b4a60 JavaThread "Incoming local TCP Connector on port 59202" [_thread_in_native, id=25548, stack(0x00000072e7700000,0x00000072e7800000)]
  0x000001c435957e60 JavaThread "Daemon periodic checks" [_thread_blocked, id=23508, stack(0x00000072e7800000,0x00000072e7900000)]
  0x000001c4340dd010 JavaThread "Cache worker for journal cache (C:\Users\mauri\.gradle\caches\journal-1)" [_thread_blocked, id=13036, stack(0x00000072e8500000,0x00000072e8600000)]
  0x000001c4340d9ff0 JavaThread "File lock request listener" [_thread_in_native, id=12592, stack(0x00000072e8600000,0x00000072e8700000)]
  0x000001c4340db330 JavaThread "Cache worker for file hash cache (C:\Users\mauri\.gradle\caches\8.0\fileHashes)" [_thread_blocked, id=5544, stack(0x00000072e8700000,0x00000072e8800000)]
  0x000001c4340da990 JavaThread "File watcher server" daemon [_thread_in_native, id=23032, stack(0x00000072e8a00000,0x00000072e8b00000)]
  0x000001c4340dd9b0 JavaThread "File watcher consumer" daemon [_thread_blocked, id=10624, stack(0x00000072e8b00000,0x00000072e8c00000)]
  0x000001c4378bf530 JavaThread "Cache worker for file content cache (C:\Users\mauri\.gradle\caches\8.0\fileContent)" [_thread_blocked, id=22792, stack(0x00000072e8e00000,0x00000072e8f00000)]
  0x000001c4378c0870 JavaThread "Cache worker for execution history cache (C:\Users\mauri\.gradle\caches\8.0\executionHistory)" [_thread_blocked, id=23364, stack(0x00000072e9000000,0x00000072e9100000)]
  0x000001c4378c2a20 JavaThread "jar transforms" [_thread_blocked, id=13636, stack(0x00000072e9100000,0x00000072e9200000)]
  0x000001c4378c2ef0 JavaThread "jar transforms Thread 2" [_thread_blocked, id=12800, stack(0x00000072e9200000,0x00000072e9300000)]
  0x000001c4378bc510 JavaThread "Cache worker for kotlin-dsl (C:\Users\mauri\.gradle\caches\8.0\kotlin-dsl)" [_thread_blocked, id=7096, stack(0x00000072e9400000,0x00000072e9500000)]
  0x000001c4378c03a0 JavaThread "jar transforms Thread 3" [_thread_blocked, id=9996, stack(0x00000072e9500000,0x00000072e9600000)]
  0x000001c4378c2080 JavaThread "jar transforms Thread 4" [_thread_blocked, id=25780, stack(0x00000072e9600000,0x00000072e9700000)]
  0x000001c4378c1210 JavaThread "jar transforms Thread 5" [_thread_blocked, id=13932, stack(0x00000072e9900000,0x00000072e9a00000)]
  0x000001c43a7d3d10 JavaThread "jar transforms Thread 6" [_thread_blocked, id=15844, stack(0x00000072eea00000,0x00000072eeb00000)]
  0x000001c43a7d5520 JavaThread "jar transforms Thread 7" [_thread_blocked, id=11208, stack(0x00000072eeb00000,0x00000072eec00000)]
  0x000001c43a7d59f0 JavaThread "jar transforms Thread 8" [_thread_blocked, id=23876, stack(0x00000072eec00000,0x00000072eed00000)]
  0x000001c43930f4f0 JavaThread "Memory manager" [_thread_blocked, id=18044, stack(0x00000072eee00000,0x00000072eef00000)]
  0x000001c43a7d2500 JavaThread "Daemon Thread 3" [_thread_blocked, id=14896, stack(0x00000072e5d00000,0x00000072e5e00000)]
  0x000001c43a7d5050 JavaThread "Handler for socket connection from /127.0.0.1:59202 to /127.0.0.1:61404" [_thread_in_native, id=20336, stack(0x00000072e5e00000,0x00000072e5f00000)]
  0x000001c43a7d4b80 JavaThread "Cancel handler" [_thread_blocked, id=23644, stack(0x00000072e5f00000,0x00000072e6000000)]
  0x000001c43a7d2ea0 JavaThread "Daemon worker Thread 3" [_thread_blocked, id=24888, stack(0x00000072e7a00000,0x00000072e7b00000)]
  0x000001c43975f6e0 JavaThread "Asynchronous log dispatcher for DefaultDaemonConnection: socket connection from /127.0.0.1:59202 to /127.0.0.1:61404" [_thread_blocked, id=1692, stack(0x00000072e7b00000,0x00000072e7c00000)]
  0x000001c43975ed40 JavaThread "Stdin handler" [_thread_blocked, id=15664, stack(0x00000072e7c00000,0x00000072e7d00000)]
  0x000001c43975f210 JavaThread "Daemon client event forwarder" [_thread_blocked, id=21624, stack(0x00000072e7d00000,0x00000072e7e00000)]
  0x000001c434e972d0 JavaThread "C2 CompilerThread1" daemon [_thread_in_native, id=26308, stack(0x00000072e7e00000,0x00000072e7f00000)]
  0x000001c438eb5760 JavaThread "Cache worker for checksums cache (C:\Users\mauri\AndroidStudioProjects\Juego\.gradle\8.0\checksums)" [_thread_blocked, id=25076, stack(0x00000072e7f00000,0x00000072e8000000)]
  0x000001c438eb82b0 JavaThread "Cache worker for cache directory md-rule (C:\Users\mauri\.gradle\caches\8.0\md-rule)" [_thread_blocked, id=9032, stack(0x00000072e8000000,0x00000072e8100000)]
  0x000001c438eb6f70 JavaThread "Cache worker for file hash cache (C:\Users\mauri\AndroidStudioProjects\Juego\.gradle\8.0\fileHashes)" [_thread_blocked, id=20168, stack(0x00000072e8800000,0x00000072e8900000)]
  0x000001c438eb9120 JavaThread "Cache worker for cache directory md-supplier (C:\Users\mauri\.gradle\caches\8.0\md-supplier)" [_thread_blocked, id=2316, stack(0x00000072e8900000,0x00000072e8a00000)]
  0x000001c438eb8780 JavaThread "Cache worker for dependencies-accessors (C:\Users\mauri\AndroidStudioProjects\Juego\.gradle\8.0\dependencies-accessors)" [_thread_blocked, id=22724, stack(0x00000072e8c00000,0x00000072e8d00000)]
  0x000001c438eb7910 JavaThread "Cache worker for Build Output Cleanup Cache (C:\Users\mauri\AndroidStudioProjects\Juego\.gradle\buildOutputCleanup)" [_thread_blocked, id=9472, stack(0x00000072e8d00000,0x00000072e8e00000)]
  0x000001c4397ddc20 JavaThread "C2 CompilerThread2" daemon [_thread_blocked, id=17600, stack(0x00000072e8f00000,0x00000072e9000000)]
  0x000001c435afb6e0 JavaThread "Unconstrained build operations" [_thread_blocked, id=26276, stack(0x00000072e9300000,0x00000072e9400000)]
  0x000001c435afbbb0 JavaThread "Unconstrained build operations Thread 2" [_thread_blocked, id=24912, stack(0x00000072e9700000,0x00000072e9800000)]
  0x000001c435afc080 JavaThread "Unconstrained build operations Thread 3" [_thread_blocked, id=9476, stack(0x00000072e9800000,0x00000072e9900000)]
  0x000001c435afc550 JavaThread "Unconstrained build operations Thread 4" [_thread_blocked, id=20276, stack(0x00000072e9a00000,0x00000072e9b00000)]
  0x000001c435afca20 JavaThread "Unconstrained build operations Thread 5" [_thread_blocked, id=24440, stack(0x00000072e9b00000,0x00000072e9c00000)]
  0x000001c435af9060 JavaThread "Unconstrained build operations Thread 6" [_thread_blocked, id=26264, stack(0x00000072e9c00000,0x00000072e9d00000)]
  0x000001c435af9a00 JavaThread "Unconstrained build operations Thread 7" [_thread_blocked, id=7064, stack(0x00000072e9d00000,0x00000072e9e00000)]
  0x000001c435af9530 JavaThread "Unconstrained build operations Thread 8" [_thread_blocked, id=24840, stack(0x00000072e9e00000,0x00000072e9f00000)]
  0x000001c435afa870 JavaThread "Unconstrained build operations Thread 9" [_thread_blocked, id=25580, stack(0x00000072e9f00000,0x00000072ea000000)]
  0x000001c435af9ed0 JavaThread "Unconstrained build operations Thread 10" [_thread_blocked, id=22740, stack(0x00000072ea000000,0x00000072ea100000)]
  0x000001c435afa3a0 JavaThread "Unconstrained build operations Thread 11" [_thread_blocked, id=19788, stack(0x00000072ea100000,0x00000072ea200000)]
  0x000001c435afb210 JavaThread "Unconstrained build operations Thread 12" [_thread_blocked, id=17724, stack(0x00000072ea200000,0x00000072ea300000)]
  0x000001c43a274cb0 JavaThread "Unconstrained build operations Thread 13" [_thread_blocked, id=5096, stack(0x00000072ea300000,0x00000072ea400000)]
  0x000001c43a275180 JavaThread "Unconstrained build operations Thread 14" [_thread_blocked, id=712, stack(0x00000072ea400000,0x00000072ea500000)]
  0x000001c43a274310 JavaThread "Unconstrained build operations Thread 15" [_thread_blocked, id=5640, stack(0x00000072ea500000,0x00000072ea600000)]
  0x000001c43a275650 JavaThread "Unconstrained build operations Thread 16" [_thread_blocked, id=23796, stack(0x00000072ea600000,0x00000072ea700000)]
  0x000001c43a2747e0 JavaThread "Unconstrained build operations Thread 17" [_thread_blocked, id=22028, stack(0x00000072ea700000,0x00000072ea800000)]
  0x000001c438eaa9f0 JavaThread "Unconstrained build operations Thread 18" [_thread_blocked, id=24268, stack(0x00000072ea800000,0x00000072ea900000)]
  0x000001c438eab390 JavaThread "Unconstrained build operations Thread 19" [_thread_blocked, id=15388, stack(0x00000072ea900000,0x00000072eaa00000)]
  0x000001c438eaaec0 JavaThread "Unconstrained build operations Thread 20" [_thread_blocked, id=26180, stack(0x00000072eaa00000,0x00000072eab00000)]
  0x000001c438eab860 JavaThread "Unconstrained build operations Thread 21" [_thread_blocked, id=25264, stack(0x00000072eab00000,0x00000072eac00000)]
  0x000001c438eaa050 JavaThread "Unconstrained build operations Thread 22" [_thread_blocked, id=11276, stack(0x00000072eac00000,0x00000072ead00000)]
  0x000001c438eaa520 JavaThread "Unconstrained build operations Thread 23" [_thread_blocked, id=3364, stack(0x00000072ead00000,0x00000072eae00000)]
  0x000001c435840110 JavaThread "Unconstrained build operations Thread 24" [_thread_blocked, id=22412, stack(0x00000072eae00000,0x00000072eaf00000)]
  0x000001c43583f770 JavaThread "Unconstrained build operations Thread 25" [_thread_blocked, id=23396, stack(0x00000072eaf00000,0x00000072eb000000)]
  0x000001c43583fc40 JavaThread "Unconstrained build operations Thread 26" [_thread_blocked, id=6508, stack(0x00000072eb000000,0x00000072eb100000)]
  0x000001c4358405e0 JavaThread "Unconstrained build operations Thread 27" [_thread_blocked, id=24864, stack(0x00000072eb100000,0x00000072eb200000)]
  0x000001c435841df0 JavaThread "Unconstrained build operations Thread 28" [_thread_blocked, id=25968, stack(0x00000072eb200000,0x00000072eb300000)]
  0x000001c435840ab0 JavaThread "Unconstrained build operations Thread 29" [_thread_blocked, id=15056, stack(0x00000072eb300000,0x00000072eb400000)]
  0x000001c4348e4d30 JavaThread "Unconstrained build operations Thread 30" [_thread_blocked, id=25060, stack(0x00000072eb400000,0x00000072eb500000)]
  0x000001c435ab7fe0 JavaThread "Unconstrained build operations Thread 31" [_thread_blocked, id=22564, stack(0x00000072eb500000,0x00000072eb600000)]
  0x000001c435ab7170 JavaThread "Unconstrained build operations Thread 32" [_thread_blocked, id=19612, stack(0x00000072eb600000,0x00000072eb700000)]
  0x000001c435ab7b10 JavaThread "Unconstrained build operations Thread 33" [_thread_blocked, id=23268, stack(0x00000072eb700000,0x00000072eb800000)]
  0x000001c43ab058f0 JavaThread "Unconstrained build operations Thread 34" [_thread_blocked, id=17460, stack(0x00000072eb800000,0x00000072eb900000)]
  0x000001c43ab03740 JavaThread "Unconstrained build operations Thread 35" [_thread_blocked, id=23328, stack(0x00000072eb900000,0x00000072eba00000)]
  0x000001c43ab04a80 JavaThread "Unconstrained build operations Thread 36" [_thread_blocked, id=6716, stack(0x00000072eba00000,0x00000072ebb00000)]
  0x000001c43ab045b0 JavaThread "Unconstrained build operations Thread 37" [_thread_blocked, id=11552, stack(0x00000072ebb00000,0x00000072ebc00000)]
  0x000001c43ab03c10 JavaThread "Unconstrained build operations Thread 38" [_thread_blocked, id=1012, stack(0x00000072ebc00000,0x00000072ebd00000)]
  0x000001c43ab040e0 JavaThread "Unconstrained build operations Thread 39" [_thread_blocked, id=22952, stack(0x00000072ebd00000,0x00000072ebe00000)]
  0x000001c43ab04f50 JavaThread "Unconstrained build operations Thread 40" [_thread_blocked, id=2936, stack(0x00000072ebe00000,0x00000072ebf00000)]
  0x000001c43ab06290 JavaThread "Unconstrained build operations Thread 41" [_thread_blocked, id=14932, stack(0x00000072ebf00000,0x00000072ec000000)]
  0x000001c43ab05dc0 JavaThread "Unconstrained build operations Thread 42" [_thread_blocked, id=17200, stack(0x00000072ec000000,0x00000072ec100000)]
  0x000001c43ab06760 JavaThread "Unconstrained build operations Thread 43" [_thread_blocked, id=21468, stack(0x00000072ec100000,0x00000072ec200000)]
  0x000001c43ab06c30 JavaThread "Unconstrained build operations Thread 44" [_thread_blocked, id=8728, stack(0x00000072ec200000,0x00000072ec300000)]
  0x000001c4392a8130 JavaThread "Unconstrained build operations Thread 45" [_thread_blocked, id=25376, stack(0x00000072ec300000,0x00000072ec400000)]
  0x000001c4392a8ad0 JavaThread "Unconstrained build operations Thread 46" [_thread_blocked, id=17380, stack(0x00000072ec400000,0x00000072ec500000)]
  0x000001c4378f73c0 JavaThread "Unconstrained build operations Thread 47" [_thread_blocked, id=26260, stack(0x00000072ec500000,0x00000072ec600000)]
  0x000001c4381aac40 JavaThread "Unconstrained build operations Thread 48" [_thread_blocked, id=16268, stack(0x00000072ec600000,0x00000072ec700000)]
  0x000001c4381abab0 JavaThread "Unconstrained build operations Thread 49" [_thread_blocked, id=21656, stack(0x00000072ec700000,0x00000072ec800000)]
  0x000001c435ab84b0 JavaThread "Unconstrained build operations Thread 50" [_thread_blocked, id=7860, stack(0x00000072ec800000,0x00000072ec900000)]
  0x000001c43a3564d0 JavaThread "Unconstrained build operations Thread 51" [_thread_blocked, id=2080, stack(0x00000072ec900000,0x00000072eca00000)]
  0x000001c43a3569a0 JavaThread "Unconstrained build operations Thread 52" [_thread_blocked, id=25384, stack(0x00000072eca00000,0x00000072ecb00000)]
  0x000001c43a356000 JavaThread "Unconstrained build operations Thread 53" [_thread_blocked, id=23928, stack(0x00000072ecb00000,0x00000072ecc00000)]
  0x000001c43d4b1220 JavaThread "Unconstrained build operations Thread 54" [_thread_blocked, id=6256, stack(0x00000072ecc00000,0x00000072ecd00000)]
  0x000001c43d4b0d50 JavaThread "Unconstrained build operations Thread 55" [_thread_blocked, id=26512, stack(0x00000072ecd00000,0x00000072ece00000)]
  0x000001c43d4ae6d0 JavaThread "Unconstrained build operations Thread 56" [_thread_blocked, id=24700, stack(0x00000072ece00000,0x00000072ecf00000)]
  0x000001c438eb5c30 JavaThread "Unconstrained build operations Thread 57" [_thread_blocked, id=15356, stack(0x00000072ecf00000,0x00000072ed000000)]
  0x000001c438eb6100 JavaThread "Unconstrained build operations Thread 58" [_thread_blocked, id=24072, stack(0x00000072ed000000,0x00000072ed100000)]
  0x000001c438eb8c50 JavaThread "Unconstrained build operations Thread 59" [_thread_blocked, id=23092, stack(0x00000072ed100000,0x00000072ed200000)]
  0x000001c438eb65d0 JavaThread "Unconstrained build operations Thread 60" [_thread_blocked, id=16800, stack(0x00000072ed200000,0x00000072ed300000)]
  0x000001c438eb6aa0 JavaThread "Unconstrained build operations Thread 61" [_thread_blocked, id=23952, stack(0x00000072ed300000,0x00000072ed400000)]
  0x000001c438eb7440 JavaThread "Unconstrained build operations Thread 62" [_thread_blocked, id=18480, stack(0x00000072ed400000,0x00000072ed500000)]
  0x000001c438eb7de0 JavaThread "Unconstrained build operations Thread 63" [_thread_blocked, id=1680, stack(0x00000072ed500000,0x00000072ed600000)]
  0x000001c437deaf00 JavaThread "Unconstrained build operations Thread 64" [_thread_blocked, id=24272, stack(0x00000072ed600000,0x00000072ed700000)]
  0x000001c437decbe0 JavaThread "Unconstrained build operations Thread 65" [_thread_blocked, id=12300, stack(0x00000072ed700000,0x00000072ed800000)]
  0x000001c437dea090 JavaThread "Unconstrained build operations Thread 66" [_thread_blocked, id=22456, stack(0x00000072ed800000,0x00000072ed900000)]
  0x000001c437deb8a0 JavaThread "Unconstrained build operations Thread 67" [_thread_blocked, id=19232, stack(0x00000072ed900000,0x00000072eda00000)]
  0x000001c43d4b0880 JavaThread "Unconstrained build operations Thread 68" [_thread_blocked, id=9928, stack(0x00000072eda00000,0x00000072edb00000)]
  0x000001c43d4afa10 JavaThread "Unconstrained build operations Thread 69" [_thread_blocked, id=13908, stack(0x00000072edb00000,0x00000072edc00000)]
  0x000001c43d4b03b0 JavaThread "Unconstrained build operations Thread 70" [_thread_blocked, id=25892, stack(0x00000072edc00000,0x00000072edd00000)]
  0x000001c43d4aeba0 JavaThread "Unconstrained build operations Thread 71" [_thread_blocked, id=7036, stack(0x00000072edd00000,0x00000072ede00000)]
  0x000001c43d4af540 JavaThread "Unconstrained build operations Thread 72" [_thread_blocked, id=25528, stack(0x00000072ede00000,0x00000072edf00000)]
  0x000001c43d343890 JavaThread "Unconstrained build operations Thread 73" [_thread_blocked, id=13144, stack(0x00000072edf00000,0x00000072ee000000)]
  0x000001c43d342080 JavaThread "Unconstrained build operations Thread 74" [_thread_blocked, id=23892, stack(0x00000072ee000000,0x00000072ee100000)]
  0x000001c43d3433c0 JavaThread "Unconstrained build operations Thread 75" [_thread_blocked, id=10924, stack(0x00000072ee100000,0x00000072ee200000)]
  0x000001c43d342550 JavaThread "Unconstrained build operations Thread 76" [_thread_blocked, id=23680, stack(0x00000072ee200000,0x00000072ee300000)]
  0x000001c43d342a20 JavaThread "Unconstrained build operations Thread 77" [_thread_blocked, id=22536, stack(0x00000072ee300000,0x00000072ee400000)]
  0x000001c435ab8980 JavaThread "Unconstrained build operations Thread 78" [_thread_blocked, id=660, stack(0x00000072ee400000,0x00000072ee500000)]
  0x000001c43d342ef0 JavaThread "Unconstrained build operations Thread 79" [_thread_blocked, id=5848, stack(0x00000072ee500000,0x00000072ee600000)]
  0x000001c438d43f00 JavaThread "Unconstrained build operations Thread 80" [_thread_blocked, id=1960, stack(0x00000072ee600000,0x00000072ee700000)]
  0x000001c437deaa30 JavaThread "build event listener" [_thread_blocked, id=21588, stack(0x00000072ee700000,0x00000072ee800000)]
  0x000001c437deb3d0 JavaThread "included builds" [_thread_blocked, id=22160, stack(0x00000072ee800000,0x00000072ee900000)]
  0x000001c435840f80 JavaThread "Execution worker" [_thread_in_vm, id=8468, stack(0x00000072ee900000,0x00000072eea00000)] _threads_hazard_ptr=0x000001c43d47a2a0
  0x000001c435842c60 JavaThread "Execution worker Thread 2" [_thread_blocked, id=24968, stack(0x00000072eed00000,0x00000072eee00000)]
  0x000001c4378f9570 JavaThread "Execution worker Thread 3" [_thread_blocked, id=21552, stack(0x00000072eef00000,0x00000072ef000000)]
  0x000001c4378f6ef0 JavaThread "Execution worker Thread 4" [_thread_blocked, id=2228, stack(0x00000072ef000000,0x00000072ef100000)]
  0x000001c4378f9a40 JavaThread "Execution worker Thread 5" [_thread_blocked, id=6952, stack(0x00000072ef100000,0x00000072ef200000)]
  0x000001c4378f6080 JavaThread "Execution worker Thread 6" [_thread_blocked, id=680, stack(0x00000072ef200000,0x00000072ef300000)]
  0x000001c4381aa770 JavaThread "Execution worker Thread 7" [_thread_blocked, id=23072, stack(0x00000072ef300000,0x00000072ef400000)]
  0x000001c43a7d29d0 JavaThread "Cache worker for execution history cache (C:\Users\mauri\AndroidStudioProjects\Juego\.gradle\8.0\executionHistory)" [_thread_blocked, id=13512, stack(0x00000072ef400000,0x00000072ef500000)]

Other Threads:
  0x000001c43341d920 VMThread "VM Thread" [stack: 0x00000072e6600000,0x00000072e6700000] [id=24628]
  0x000001c4335ed290 WatcherThread [stack: 0x00000072e7200000,0x00000072e7300000] [id=24884]
  0x000001c418ae3db0 GCTaskThread "GC Thread#0" [stack: 0x00000072e6100000,0x00000072e6200000] [id=2396]
  0x000001c434451ee0 GCTaskThread "GC Thread#1" [stack: 0x00000072e7400000,0x00000072e7500000] [id=13320]
  0x000001c434452190 GCTaskThread "GC Thread#2" [stack: 0x00000072e7500000,0x00000072e7600000] [id=23408]
  0x000001c434452440 GCTaskThread "GC Thread#3" [stack: 0x00000072e7600000,0x00000072e7700000] [id=25584]
  0x000001c4346f1db0 GCTaskThread "GC Thread#4" [stack: 0x00000072e7300000,0x00000072e7400000] [id=22452]
  0x000001c435956170 GCTaskThread "GC Thread#5" [stack: 0x00000072e8100000,0x00000072e8200000] [id=7612]
  0x000001c43463e170 GCTaskThread "GC Thread#6" [stack: 0x00000072e8200000,0x00000072e8300000] [id=24024]
  0x000001c43463e420 GCTaskThread "GC Thread#7" [stack: 0x00000072e8300000,0x00000072e8400000] [id=21232]
  0x000001c418af5d00 ConcurrentGCThread "G1 Main Marker" [stack: 0x00000072e6200000,0x00000072e6300000] [id=23400]
  0x000001c418af6710 ConcurrentGCThread "G1 Conc#0" [stack: 0x00000072e6300000,0x00000072e6400000] [id=15724]
  0x000001c435f8a840 ConcurrentGCThread "G1 Conc#1" [stack: 0x00000072e8400000,0x00000072e8500000] [id=24868]
  0x000001c418b4e510 ConcurrentGCThread "G1 Refine#0" [stack: 0x00000072e6400000,0x00000072e6500000] [id=14252]
  0x000001c43cdd6450 ConcurrentGCThread "G1 Refine#1" [stack: 0x00000072ef500000,0x00000072ef600000] [id=18776]
  0x000001c43587f770 ConcurrentGCThread "G1 Refine#2" [stack: 0x00000072ef600000,0x00000072ef700000] [id=22836]
  0x000001c43275c130 ConcurrentGCThread "G1 Service" [stack: 0x00000072e6500000,0x00000072e6600000] [id=1920]

Threads with active compile tasks:
C2 CompilerThread1  3451704 13881       4       org.gradle.api.internal.attributes.DefaultAttributesSchema$DefaultAttributeMatcher::matches (17 bytes)

VM state: not at safepoint (normal execution)

VM Mutex/Monitor currently owned by a thread: None

Heap address: 0x0000000080000000, size: 2048 MB, Compressed Oops mode: 32-bit

CDS archive(s) not mapped
Compressed class space mapped at: 0x0000000100000000-0x0000000140000000, reserved size: 1073741824
Narrow klass base: 0x0000000000000000, Narrow klass shift: 3, Narrow klass range: 0x140000000

GC Precious Log:
 CPUs: 8 total, 8 available
 Memory: 12030M
 Large Page Support: Disabled
 NUMA Support: Disabled
 Compressed Oops: Enabled (32-bit)
 Heap Region Size: 1M
 Heap Min Capacity: 8M
 Heap Initial Capacity: 188M
 Heap Max Capacity: 2G
 Pre-touch: Disabled
 Parallel Workers: 8
 Concurrent Workers: 2
 Concurrent Refinement Workers: 8
 Periodic GC: Disabled

Heap:
 garbage-first heap   total 165888K, used 98763K [0x0000000080000000, 0x0000000100000000)
  region size 1024K, 12 young (12288K), 6 survivors (6144K)
 Metaspace       used 93496K, committed 94464K, reserved 1130496K
  class space    used 12636K, committed 13056K, reserved 1048576K

Heap Regions: E=young(eden), S=young(survivor), O=old, HS=humongous(starts), HC=humongous(continues), CS=collection set, F=free, OA=open archive, CA=closed archive, TAMS=top-at-mark-start (previous, next)
|   0|0x0000000080000000, 0x0000000080100000, 0x0000000080100000|100%|HS|  |TAMS 0x0000000080100000, 0x0000000080000000| Complete 
|   1|0x0000000080100000, 0x0000000080200000, 0x0000000080200000|100%|HC|  |TAMS 0x0000000080200000, 0x0000000080100000| Complete 
|   2|0x0000000080200000, 0x0000000080300000, 0x0000000080300000|100%|HC|  |TAMS 0x0000000080300000, 0x0000000080200000| Complete 
|   3|0x0000000080300000, 0x0000000080400000, 0x0000000080400000|100%|HC|  |TAMS 0x0000000080400000, 0x0000000080300000| Complete 
|   4|0x0000000080400000, 0x0000000080500000, 0x0000000080500000|100%| O|  |TAMS 0x0000000080500000, 0x0000000080400000| Untracked 
|   5|0x0000000080500000, 0x0000000080600000, 0x0000000080600000|100%| O|  |TAMS 0x0000000080600000, 0x0000000080500000| Untracked 
|   6|0x0000000080600000, 0x0000000080700000, 0x0000000080700000|100%| O|  |TAMS 0x0000000080700000, 0x0000000080600000| Untracked 
|   7|0x0000000080700000, 0x0000000080800000, 0x0000000080800000|100%| O|  |TAMS 0x0000000080800000, 0x0000000080700000| Untracked 
|   8|0x0000000080800000, 0x0000000080900000, 0x0000000080900000|100%| O|  |TAMS 0x0000000080900000, 0x0000000080800000| Untracked 
|   9|0x0000000080900000, 0x0000000080a00000, 0x0000000080a00000|100%| O|  |TAMS 0x0000000080a00000, 0x0000000080900000| Untracked 
|  10|0x0000000080a00000, 0x0000000080b00000, 0x0000000080b00000|100%| O|  |TAMS 0x0000000080b00000, 0x0000000080a00000| Untracked 
|  11|0x0000000080b00000, 0x0000000080c00000, 0x0000000080c00000|100%| O|  |TAMS 0x0000000080c00000, 0x0000000080b00000| Untracked 
|  12|0x0000000080c00000, 0x0000000080d00000, 0x0000000080d00000|100%| O|  |TAMS 0x0000000080d00000, 0x0000000080c00000| Untracked 
|  13|0x0000000080d00000, 0x0000000080e00000, 0x0000000080e00000|100%| O|  |TAMS 0x0000000080e00000, 0x0000000080d00000| Untracked 
|  14|0x0000000080e00000, 0x0000000080f00000, 0x0000000080f00000|100%| O|  |TAMS 0x0000000080f00000, 0x0000000080e00000| Untracked 
|  15|0x0000000080f00000, 0x0000000081000000, 0x0000000081000000|100%| O|  |TAMS 0x0000000081000000, 0x0000000080f00000| Untracked 
|  16|0x0000000081000000, 0x0000000081100000, 0x0000000081100000|100%| O|  |TAMS 0x0000000081100000, 0x0000000081000000| Untracked 
|  17|0x0000000081100000, 0x0000000081200000, 0x0000000081200000|100%| O|  |TAMS 0x0000000081200000, 0x0000000081100000| Untracked 
|  18|0x0000000081200000, 0x0000000081300000, 0x0000000081300000|100%| O|  |TAMS 0x0000000081300000, 0x0000000081200000| Untracked 
|  19|0x0000000081300000, 0x0000000081400000, 0x0000000081400000|100%| O|  |TAMS 0x0000000081400000, 0x0000000081300000| Untracked 
|  20|0x0000000081400000, 0x0000000081500000, 0x0000000081500000|100%| O|  |TAMS 0x0000000081500000, 0x0000000081400000| Complete 
|  21|0x0000000081500000, 0x0000000081600000, 0x0000000081600000|100%| O|  |TAMS 0x0000000081600000, 0x0000000081500000| Untracked 
|  22|0x0000000081600000, 0x0000000081700000, 0x0000000081700000|100%| O|  |TAMS 0x0000000081700000, 0x0000000081600000| Untracked 
|  23|0x0000000081700000, 0x0000000081800000, 0x0000000081800000|100%| O|  |TAMS 0x0000000081800000, 0x0000000081700000| Untracked 
|  24|0x0000000081800000, 0x0000000081900000, 0x0000000081900000|100%| O|  |TAMS 0x0000000081900000, 0x0000000081800000| Untracked 
|  25|0x0000000081900000, 0x0000000081a00000, 0x0000000081a00000|100%| O|  |TAMS 0x0000000081a00000, 0x0000000081900000| Untracked 
|  26|0x0000000081a00000, 0x0000000081b00000, 0x0000000081b00000|100%| O|  |TAMS 0x0000000081b00000, 0x0000000081a00000| Untracked 
|  27|0x0000000081b00000, 0x0000000081c00000, 0x0000000081c00000|100%| O|  |TAMS 0x0000000081c00000, 0x0000000081b00000| Untracked 
|  28|0x0000000081c00000, 0x0000000081d00000, 0x0000000081d00000|100%| O|  |TAMS 0x0000000081d00000, 0x0000000081c00000| Untracked 
|  29|0x0000000081d00000, 0x0000000081e00000, 0x0000000081e00000|100%| O|  |TAMS 0x0000000081e00000, 0x0000000081d00000| Untracked 
|  30|0x0000000081e00000, 0x0000000081f00000, 0x0000000081f00000|100%| O|  |TAMS 0x0000000081f00000, 0x0000000081e00000| Complete 
|  31|0x0000000081f00000, 0x0000000082000000, 0x0000000082000000|100%| O|  |TAMS 0x0000000082000000, 0x0000000081f00000| Untracked 
|  32|0x0000000082000000, 0x0000000082000000, 0x0000000082100000|  0%| F|  |TAMS 0x0000000082000000, 0x0000000082000000| Untracked 
|  33|0x0000000082100000, 0x0000000082200000, 0x0000000082200000|100%| O|  |TAMS 0x0000000082200000, 0x0000000082100000| Complete 
|  34|0x0000000082200000, 0x0000000082300000, 0x0000000082300000|100%|HS|  |TAMS 0x0000000082300000, 0x0000000082200000| Complete 
|  35|0x0000000082300000, 0x0000000082400000, 0x0000000082400000|100%|HS|  |TAMS 0x0000000082400000, 0x0000000082300000| Complete 
|  36|0x0000000082400000, 0x0000000082500000, 0x0000000082500000|100%|HS|  |TAMS 0x0000000082500000, 0x0000000082400000| Complete 
|  37|0x0000000082500000, 0x0000000082600000, 0x0000000082600000|100%| O|  |TAMS 0x0000000082600000, 0x0000000082500000| Complete 
|  38|0x0000000082600000, 0x0000000082700000, 0x0000000082700000|100%| O|  |TAMS 0x0000000082700000, 0x0000000082600000| Untracked 
|  39|0x0000000082700000, 0x0000000082800000, 0x0000000082800000|100%| O|  |TAMS 0x0000000082800000, 0x0000000082700000| Complete 
|  40|0x0000000082800000, 0x0000000082900000, 0x0000000082900000|100%| O|  |TAMS 0x0000000082900000, 0x0000000082800000| Untracked 
|  41|0x0000000082900000, 0x0000000082a00000, 0x0000000082a00000|100%| O|  |TAMS 0x0000000082a00000, 0x0000000082900000| Untracked 
|  42|0x0000000082a00000, 0x0000000082b00000, 0x0000000082b00000|100%| O|  |TAMS 0x0000000082b00000, 0x0000000082a00000| Untracked 
|  43|0x0000000082b00000, 0x0000000082c00000, 0x0000000082c00000|100%| O|  |TAMS 0x0000000082c00000, 0x0000000082b00000| Untracked 
|  44|0x0000000082c00000, 0x0000000082d00000, 0x0000000082d00000|100%| O|  |TAMS 0x0000000082d00000, 0x0000000082c00000| Complete 
|  45|0x0000000082d00000, 0x0000000082e00000, 0x0000000082e00000|100%| O|  |TAMS 0x0000000082e00000, 0x0000000082d00000| Complete 
|  46|0x0000000082e00000, 0x0000000082f00000, 0x0000000082f00000|100%| O|  |TAMS 0x0000000082f00000, 0x0000000082e00000| Complete 
|  47|0x0000000082f00000, 0x0000000083000000, 0x0000000083000000|100%| O|  |TAMS 0x0000000083000000, 0x0000000082f00000| Untracked 
|  48|0x0000000083000000, 0x0000000083100000, 0x0000000083100000|100%| O|  |TAMS 0x0000000083100000, 0x0000000083000000| Complete 
|  49|0x0000000083100000, 0x0000000083200000, 0x0000000083200000|100%| O|  |TAMS 0x0000000083200000, 0x0000000083100000| Untracked 
|  50|0x0000000083200000, 0x0000000083300000, 0x0000000083300000|100%| O|  |TAMS 0x0000000083300000, 0x0000000083200000| Untracked 
|  51|0x0000000083300000, 0x0000000083400000, 0x0000000083400000|100%| O|  |TAMS 0x0000000083400000, 0x0000000083300000| Untracked 
|  52|0x0000000083400000, 0x0000000083500000, 0x0000000083500000|100%| O|  |TAMS 0x0000000083500000, 0x0000000083400000| Untracked 
|  53|0x0000000083500000, 0x0000000083600000, 0x0000000083600000|100%| O|  |TAMS 0x0000000083600000, 0x0000000083500000| Untracked 
|  54|0x0000000083600000, 0x0000000083700000, 0x0000000083700000|100%| O|  |TAMS 0x0000000083700000, 0x0000000083600000| Untracked 
|  55|0x0000000083700000, 0x0000000083700000, 0x0000000083800000|  0%| F|  |TAMS 0x0000000083700000, 0x0000000083700000| Untracked 
|  56|0x0000000083800000, 0x0000000083900000, 0x0000000083900000|100%| O|  |TAMS 0x0000000083900000, 0x0000000083800000| Untracked 
|  57|0x0000000083900000, 0x0000000083a00000, 0x0000000083a00000|100%| O|  |TAMS 0x0000000083a00000, 0x0000000083900000| Untracked 
|  58|0x0000000083a00000, 0x0000000083b00000, 0x0000000083b00000|100%| O|  |TAMS 0x0000000083b00000, 0x0000000083a00000| Complete 
|  59|0x0000000083b00000, 0x0000000083c00000, 0x0000000083c00000|100%| O|  |TAMS 0x0000000083c00000, 0x0000000083b00000| Complete 
|  60|0x0000000083c00000, 0x0000000083d00000, 0x0000000083d00000|100%| O|  |TAMS 0x0000000083d00000, 0x0000000083c00000| Complete 
|  61|0x0000000083d00000, 0x0000000083e00000, 0x0000000083e00000|100%| O|  |TAMS 0x0000000083e00000, 0x0000000083d00000| Complete 
|  62|0x0000000083e00000, 0x0000000083e00000, 0x0000000083f00000|  0%| F|  |TAMS 0x0000000083e00000, 0x0000000083e00000| Untracked 
|  63|0x0000000083f00000, 0x0000000084000000, 0x0000000084000000|100%| O|  |TAMS 0x0000000084000000, 0x0000000083f00000| Untracked 
|  64|0x0000000084000000, 0x0000000084100000, 0x0000000084100000|100%| O|  |TAMS 0x0000000084100000, 0x0000000084000000| Untracked 
|  65|0x0000000084100000, 0x0000000084200000, 0x0000000084200000|100%| O|  |TAMS 0x0000000084200000, 0x0000000084100000| Untracked 
|  66|0x0000000084200000, 0x0000000084300000, 0x0000000084300000|100%| O|  |TAMS 0x0000000084300000, 0x0000000084200000| Complete 
|  67|0x0000000084300000, 0x0000000084400000, 0x0000000084400000|100%| O|  |TAMS 0x0000000084400000, 0x0000000084300000| Complete 
|  68|0x0000000084400000, 0x0000000084500000, 0x0000000084500000|100%| O|  |TAMS 0x0000000084500000, 0x0000000084400000| Complete 
|  69|0x0000000084500000, 0x0000000084500000, 0x0000000084600000|  0%| F|  |TAMS 0x0000000084500000, 0x0000000084500000| Untracked 
|  70|0x0000000084600000, 0x0000000084600000, 0x0000000084700000|  0%| F|  |TAMS 0x0000000084600000, 0x0000000084600000| Untracked 
|  71|0x0000000084700000, 0x0000000084800000, 0x0000000084800000|100%| O|  |TAMS 0x0000000084800000, 0x0000000084700000| Complete 
|  72|0x0000000084800000, 0x0000000084900000, 0x0000000084900000|100%| O|  |TAMS 0x0000000084900000, 0x0000000084800000| Untracked 
|  73|0x0000000084900000, 0x0000000084a00000, 0x0000000084a00000|100%| O|  |TAMS 0x0000000084a00000, 0x0000000084900000| Untracked 
|  74|0x0000000084a00000, 0x0000000084b00000, 0x0000000084b00000|100%| O|  |TAMS 0x0000000084b00000, 0x0000000084a00000| Complete 
|  75|0x0000000084b00000, 0x0000000084c00000, 0x0000000084c00000|100%| O|  |TAMS 0x0000000084c00000, 0x0000000084b00000| Untracked 
|  76|0x0000000084c00000, 0x0000000084d00000, 0x0000000084d00000|100%| O|  |TAMS 0x0000000084d00000, 0x0000000084c00000| Untracked 
|  77|0x0000000084d00000, 0x0000000084e00000, 0x0000000084e00000|100%| O|  |TAMS 0x0000000084e00000, 0x0000000084d00000| Untracked 
|  78|0x0000000084e00000, 0x0000000084f00000, 0x0000000084f00000|100%| O|  |TAMS 0x0000000084f00000, 0x0000000084e00000| Complete 
|  79|0x0000000084f00000, 0x0000000085000000, 0x0000000085000000|100%| O|  |TAMS 0x0000000085000000, 0x0000000084f00000| Untracked 
|  80|0x0000000085000000, 0x0000000085100000, 0x0000000085100000|100%| O|  |TAMS 0x0000000085100000, 0x0000000085000000| Complete 
|  81|0x0000000085100000, 0x0000000085200000, 0x0000000085200000|100%| O|  |TAMS 0x0000000085200000, 0x0000000085100000| Complete 
|  82|0x0000000085200000, 0x0000000085300000, 0x0000000085300000|100%| O|  |TAMS 0x0000000085300000, 0x0000000085200000| Complete 
|  83|0x0000000085300000, 0x0000000085400000, 0x0000000085400000|100%| O|  |TAMS 0x0000000085400000, 0x0000000085300000| Complete 
|  84|0x0000000085400000, 0x0000000085500000, 0x0000000085500000|100%| O|  |TAMS 0x0000000085500000, 0x0000000085400000| Complete 
|  85|0x0000000085500000, 0x0000000085600000, 0x0000000085600000|100%| O|  |TAMS 0x0000000085600000, 0x0000000085500000| Complete 
|  86|0x0000000085600000, 0x0000000085700000, 0x0000000085700000|100%| O|  |TAMS 0x0000000085700000, 0x0000000085600000| Complete 
|  87|0x0000000085700000, 0x0000000085800000, 0x0000000085800000|100%| O|  |TAMS 0x0000000085800000, 0x0000000085700000| Complete 
|  88|0x0000000085800000, 0x0000000085900000, 0x0000000085900000|100%| O|  |TAMS 0x0000000085900000, 0x0000000085800000| Untracked 
|  89|0x0000000085900000, 0x0000000085a00000, 0x0000000085a00000|100%| O|  |TAMS 0x0000000085a00000, 0x0000000085900000| Untracked 
|  90|0x0000000085a00000, 0x0000000085acfa00, 0x0000000085b00000| 81%| O|  |TAMS 0x0000000085acfa00, 0x0000000085a00000| Untracked 
|  91|0x0000000085b00000, 0x0000000085b00000, 0x0000000085c00000|  0%| F|  |TAMS 0x0000000085b00000, 0x0000000085b00000| Untracked 
|  92|0x0000000085c00000, 0x0000000085c00000, 0x0000000085d00000|  0%| F|  |TAMS 0x0000000085c00000, 0x0000000085c00000| Untracked 
|  93|0x0000000085d00000, 0x0000000085d00000, 0x0000000085e00000|  0%| F|  |TAMS 0x0000000085d00000, 0x0000000085d00000| Untracked 
|  94|0x0000000085e00000, 0x0000000085e00000, 0x0000000085f00000|  0%| F|  |TAMS 0x0000000085e00000, 0x0000000085e00000| Untracked 
|  95|0x0000000085f00000, 0x0000000085f00000, 0x0000000086000000|  0%| F|  |TAMS 0x0000000085f00000, 0x0000000085f00000| Untracked 
|  96|0x0000000086000000, 0x0000000086000000, 0x0000000086100000|  0%| F|  |TAMS 0x0000000086000000, 0x0000000086000000| Untracked 
|  97|0x0000000086100000, 0x0000000086100000, 0x0000000086200000|  0%| F|  |TAMS 0x0000000086100000, 0x0000000086100000| Untracked 
|  98|0x0000000086200000, 0x0000000086200000, 0x0000000086300000|  0%| F|  |TAMS 0x0000000086200000, 0x0000000086200000| Untracked 
|  99|0x0000000086300000, 0x0000000086300000, 0x0000000086400000|  0%| F|  |TAMS 0x0000000086300000, 0x0000000086300000| Untracked 
| 100|0x0000000086400000, 0x0000000086400000, 0x0000000086500000|  0%| F|  |TAMS 0x0000000086400000, 0x0000000086400000| Untracked 
| 101|0x0000000086500000, 0x0000000086500000, 0x0000000086600000|  0%| F|  |TAMS 0x0000000086500000, 0x0000000086500000| Untracked 
| 102|0x0000000086600000, 0x0000000086600000, 0x0000000086700000|  0%| F|  |TAMS 0x0000000086600000, 0x0000000086600000| Untracked 
| 103|0x0000000086700000, 0x0000000086700000, 0x0000000086800000|  0%| F|  |TAMS 0x0000000086700000, 0x0000000086700000| Untracked 
| 104|0x0000000086800000, 0x0000000086800000, 0x0000000086900000|  0%| F|  |TAMS 0x0000000086800000, 0x0000000086800000| Untracked 
| 105|0x0000000086900000, 0x0000000086900000, 0x0000000086a00000|  0%| F|  |TAMS 0x0000000086900000, 0x0000000086900000| Untracked 
| 106|0x0000000086a00000, 0x0000000086a00000, 0x0000000086b00000|  0%| F|  |TAMS 0x0000000086a00000, 0x0000000086a00000| Untracked 
| 107|0x0000000086b00000, 0x0000000086ba35b0, 0x0000000086c00000| 63%| S|CS|TAMS 0x0000000086b00000, 0x0000000086b00000| Complete 
| 108|0x0000000086c00000, 0x0000000086d00000, 0x0000000086d00000|100%| S|CS|TAMS 0x0000000086c00000, 0x0000000086c00000| Complete 
| 109|0x0000000086d00000, 0x0000000086e00000, 0x0000000086e00000|100%| S|CS|TAMS 0x0000000086d00000, 0x0000000086d00000| Complete 
| 110|0x0000000086e00000, 0x0000000086f00000, 0x0000000086f00000|100%| S|CS|TAMS 0x0000000086e00000, 0x0000000086e00000| Complete 
| 111|0x0000000086f00000, 0x0000000087000000, 0x0000000087000000|100%| S|CS|TAMS 0x0000000086f00000, 0x0000000086f00000| Complete 
| 112|0x0000000087000000, 0x0000000087100000, 0x0000000087100000|100%| S|CS|TAMS 0x0000000087000000, 0x0000000087000000| Complete 
| 113|0x0000000087100000, 0x0000000087100000, 0x0000000087200000|  0%| F|  |TAMS 0x0000000087100000, 0x0000000087100000| Untracked 
| 114|0x0000000087200000, 0x0000000087200000, 0x0000000087300000|  0%| F|  |TAMS 0x0000000087200000, 0x0000000087200000| Untracked 
| 115|0x0000000087300000, 0x0000000087300000, 0x0000000087400000|  0%| F|  |TAMS 0x0000000087300000, 0x0000000087300000| Untracked 
| 116|0x0000000087400000, 0x0000000087400000, 0x0000000087500000|  0%| F|  |TAMS 0x0000000087400000, 0x0000000087400000| Untracked 
| 117|0x0000000087500000, 0x0000000087500000, 0x0000000087600000|  0%| F|  |TAMS 0x0000000087500000, 0x0000000087500000| Untracked 
| 118|0x0000000087600000, 0x0000000087600000, 0x0000000087700000|  0%| F|  |TAMS 0x0000000087600000, 0x0000000087600000| Untracked 
| 119|0x0000000087700000, 0x0000000087700000, 0x0000000087800000|  0%| F|  |TAMS 0x0000000087700000, 0x0000000087700000| Untracked 
| 120|0x0000000087800000, 0x0000000087800000, 0x0000000087900000|  0%| F|  |TAMS 0x0000000087800000, 0x0000000087800000| Untracked 
| 121|0x0000000087900000, 0x0000000087900000, 0x0000000087a00000|  0%| F|  |TAMS 0x0000000087900000, 0x0000000087900000| Untracked 
| 122|0x0000000087a00000, 0x0000000087a00000, 0x0000000087b00000|  0%| F|  |TAMS 0x0000000087a00000, 0x0000000087a00000| Untracked 
| 123|0x0000000087b00000, 0x0000000087b00000, 0x0000000087c00000|  0%| F|  |TAMS 0x0000000087b00000, 0x0000000087b00000| Untracked 
| 124|0x0000000087c00000, 0x0000000087c00000, 0x0000000087d00000|  0%| F|  |TAMS 0x0000000087c00000, 0x0000000087c00000| Untracked 
| 125|0x0000000087d00000, 0x0000000087d00000, 0x0000000087e00000|  0%| F|  |TAMS 0x0000000087d00000, 0x0000000087d00000| Untracked 
| 126|0x0000000087e00000, 0x0000000087e00000, 0x0000000087f00000|  0%| F|  |TAMS 0x0000000087e00000, 0x0000000087e00000| Untracked 
| 127|0x0000000087f00000, 0x0000000087f00000, 0x0000000088000000|  0%| F|  |TAMS 0x0000000087f00000, 0x0000000087f00000| Untracked 
| 128|0x0000000088000000, 0x0000000088000000, 0x0000000088100000|  0%| F|  |TAMS 0x0000000088000000, 0x0000000088000000| Untracked 
| 129|0x0000000088100000, 0x0000000088100000, 0x0000000088200000|  0%| F|  |TAMS 0x0000000088100000, 0x0000000088100000| Untracked 
| 130|0x0000000088200000, 0x0000000088200000, 0x0000000088300000|  0%| F|  |TAMS 0x0000000088200000, 0x0000000088200000| Untracked 
| 131|0x0000000088300000, 0x0000000088300000, 0x0000000088400000|  0%| F|  |TAMS 0x0000000088300000, 0x0000000088300000| Untracked 
| 132|0x0000000088400000, 0x0000000088400000, 0x0000000088500000|  0%| F|  |TAMS 0x0000000088400000, 0x0000000088400000| Untracked 
| 133|0x0000000088500000, 0x0000000088500000, 0x0000000088600000|  0%| F|  |TAMS 0x0000000088500000, 0x0000000088500000| Untracked 
| 134|0x0000000088600000, 0x0000000088600000, 0x0000000088700000|  0%| F|  |TAMS 0x0000000088600000, 0x0000000088600000| Untracked 
| 135|0x0000000088700000, 0x0000000088700000, 0x0000000088800000|  0%| F|  |TAMS 0x0000000088700000, 0x0000000088700000| Untracked 
| 136|0x0000000088800000, 0x0000000088800000, 0x0000000088900000|  0%| F|  |TAMS 0x0000000088800000, 0x0000000088800000| Untracked 
| 137|0x0000000088900000, 0x0000000088900000, 0x0000000088a00000|  0%| F|  |TAMS 0x0000000088900000, 0x0000000088900000| Untracked 
| 138|0x0000000088a00000, 0x0000000088a00000, 0x0000000088b00000|  0%| F|  |TAMS 0x0000000088a00000, 0x0000000088a00000| Untracked 
| 139|0x0000000088b00000, 0x0000000088b00000, 0x0000000088c00000|  0%| F|  |TAMS 0x0000000088b00000, 0x0000000088b00000| Untracked 
| 140|0x0000000088c00000, 0x0000000088c00000, 0x0000000088d00000|  0%| F|  |TAMS 0x0000000088c00000, 0x0000000088c00000| Untracked 
| 141|0x0000000088d00000, 0x0000000088d00000, 0x0000000088e00000|  0%| F|  |TAMS 0x0000000088d00000, 0x0000000088d00000| Untracked 
| 142|0x0000000088e00000, 0x0000000088e00000, 0x0000000088f00000|  0%| F|  |TAMS 0x0000000088e00000, 0x0000000088e00000| Untracked 
| 143|0x0000000088f00000, 0x0000000088f00000, 0x0000000089000000|  0%| F|  |TAMS 0x0000000088f00000, 0x0000000088f00000| Untracked 
| 144|0x0000000089000000, 0x0000000089000000, 0x0000000089100000|  0%| F|  |TAMS 0x0000000089000000, 0x0000000089000000| Untracked 
| 145|0x0000000089100000, 0x0000000089100000, 0x0000000089200000|  0%| F|  |TAMS 0x0000000089100000, 0x0000000089100000| Untracked 
| 146|0x0000000089200000, 0x0000000089200000, 0x0000000089300000|  0%| F|  |TAMS 0x0000000089200000, 0x0000000089200000| Untracked 
| 147|0x0000000089300000, 0x0000000089300000, 0x0000000089400000|  0%| F|  |TAMS 0x0000000089300000, 0x0000000089300000| Untracked 
| 148|0x0000000089400000, 0x0000000089400000, 0x0000000089500000|  0%| F|  |TAMS 0x0000000089400000, 0x0000000089400000| Untracked 
| 149|0x0000000089500000, 0x0000000089500000, 0x0000000089600000|  0%| F|  |TAMS 0x0000000089500000, 0x0000000089500000| Untracked 
| 150|0x0000000089600000, 0x0000000089600000, 0x0000000089700000|  0%| F|  |TAMS 0x0000000089600000, 0x0000000089600000| Untracked 
| 151|0x0000000089700000, 0x0000000089700000, 0x0000000089800000|  0%| F|  |TAMS 0x0000000089700000, 0x0000000089700000| Untracked 
| 152|0x0000000089800000, 0x0000000089800000, 0x0000000089900000|  0%| F|  |TAMS 0x0000000089800000, 0x0000000089800000| Untracked 
| 153|0x0000000089900000, 0x0000000089900000, 0x0000000089a00000|  0%| F|  |TAMS 0x0000000089900000, 0x0000000089900000| Untracked 
| 154|0x0000000089a00000, 0x0000000089a00000, 0x0000000089b00000|  0%| F|  |TAMS 0x0000000089a00000, 0x0000000089a00000| Untracked 
| 155|0x0000000089b00000, 0x0000000089b00000, 0x0000000089c00000|  0%| F|  |TAMS 0x0000000089b00000, 0x0000000089b00000| Untracked 
| 156|0x0000000089c00000, 0x0000000089c14990, 0x0000000089d00000|  8%| E|  |TAMS 0x0000000089c00000, 0x0000000089c00000| Complete 
| 157|0x0000000089d00000, 0x0000000089e00000, 0x0000000089e00000|100%| E|CS|TAMS 0x0000000089d00000, 0x0000000089d00000| Complete 
| 158|0x0000000089e00000, 0x0000000089f00000, 0x0000000089f00000|100%| E|CS|TAMS 0x0000000089e00000, 0x0000000089e00000| Complete 
| 159|0x0000000089f00000, 0x000000008a000000, 0x000000008a000000|100%| E|CS|TAMS 0x0000000089f00000, 0x0000000089f00000| Complete 
| 160|0x000000008a000000, 0x000000008a100000, 0x000000008a100000|100%| E|CS|TAMS 0x000000008a000000, 0x000000008a000000| Complete 
| 187|0x000000008bb00000, 0x000000008bc00000, 0x000000008bc00000|100%| E|CS|TAMS 0x000000008bb00000, 0x000000008bb00000| Complete 

Card table byte_map: [0x000001c42b680000,0x000001c42ba80000] _byte_map_base: 0x000001c42b280000

Marking Bits (Prev, Next): (CMBitMap*) 0x000001c418ae5410, (CMBitMap*) 0x000001c418ae53d0
 Prev Bits: [0x000001c42de80000, 0x000001c42fe80000)
 Next Bits: [0x000001c42be80000, 0x000001c42de80000)

Polling page: 0x000001c418250000

Metaspace:

Usage:
  Non-class:     78.96 MB used.
      Class:     12.34 MB used.
       Both:     91.30 MB used.

Virtual space:
  Non-class space:       80.00 MB reserved,      79.50 MB (>99%) committed,  10 nodes.
      Class space:        1.00 GB reserved,      12.75 MB (  1%) committed,  1 nodes.
             Both:        1.08 GB reserved,      92.25 MB (  8%) committed. 

Chunk freelists:
   Non-Class:  725.00 KB
       Class:  3.32 MB
        Both:  4.03 MB

MaxMetaspaceSize: unlimited
CompressedClassSpaceSize: 1.00 GB
Initial GC threshold: 21.00 MB
Current GC threshold: 153.75 MB
CDS: off
MetaspaceReclaimPolicy: balanced
 - commit_granule_bytes: 65536.
 - commit_granule_words: 8192.
 - virtual_space_node_default_size: 1048576.
 - enlarge_chunks_in_place: 1.
 - new_chunks_are_fully_committed: 0.
 - uncommit_free_chunks: 1.
 - use_allocation_guard: 0.
 - handle_deallocations: 1.


Internal statistics:

num_allocs_failed_limit: 6.
num_arena_births: 1192.
num_arena_deaths: 208.
num_vsnodes_births: 11.
num_vsnodes_deaths: 0.
num_space_committed: 1476.
num_space_uncommitted: 0.
num_chunks_returned_to_freelist: 235.
num_chunks_taken_from_freelist: 4678.
num_chunk_merges: 90.
num_chunk_splits: 3038.
num_chunks_enlarged: 1987.
num_purges: 4.
num_inconsistent_stats: 0.

CodeHeap 'non-profiled nmethods': size=120000Kb used=8210Kb max_used=8210Kb free=111789Kb
 bounds [0x000001c423a20000, 0x000001c424230000, 0x000001c42af50000]
CodeHeap 'profiled nmethods': size=120000Kb used=24088Kb max_used=24088Kb free=95911Kb
 bounds [0x000001c41bf50000, 0x000001c41d6e0000, 0x000001c423480000]
CodeHeap 'non-nmethods': size=5760Kb used=2398Kb max_used=2504Kb free=3361Kb
 bounds [0x000001c423480000, 0x000001c423700000, 0x000001c423a20000]
 total_blobs=13261 nmethods=12339 adapters=832
 compilation: enabled
              stopped_count=0, restarted_count=0
 full_count=0

Compilation events (20 events):
Event: 3451.592 Thread 0x000001c4334598b0 13948       3       org.gradle.api.internal.file.AbstractFileCollection::getSingleFile (83 bytes)
Event: 3451.594 Thread 0x000001c4334598b0 nmethod 13948 0x000001c41d6cd510 code [0x000001c41d6cd8c0, 0x000001c41d6cf2f8]
Event: 3451.597 Thread 0x000001c4334598b0 13949       3       org.gradle.internal.execution.steps.SkipUpToDateStep::skipExecution (111 bytes)
Event: 3451.599 Thread 0x000001c4334598b0 nmethod 13949 0x000001c41d6cfa90 code [0x000001c41d6cfdc0, 0x000001c41d6d15b8]
Event: 3451.599 Thread 0x000001c4334598b0 13951       3       java.io.ClassCache::get (56 bytes)
Event: 3451.600 Thread 0x000001c4334598b0 nmethod 13951 0x000001c41d6d1e90 code [0x000001c41d6d2120, 0x000001c41d6d2ec8]
Event: 3451.600 Thread 0x000001c4334598b0 13950       3       org.gradle.execution.plan.edges.DependencySuccessorsOnlyNodeSet::addDependency (47 bytes)
Event: 3451.601 Thread 0x000001c4334598b0 nmethod 13950 0x000001c41d6d3410 code [0x000001c41d6d3600, 0x000001c41d6d3d18]
Event: 3451.602 Thread 0x000001c4334598b0 13952       3       java.lang.ClassValue::get (31 bytes)
Event: 3451.603 Thread 0x000001c4334598b0 nmethod 13952 0x000001c41d6d3f90 code [0x000001c41d6d41c0, 0x000001c41d6d4ad8]
Event: 3451.603 Thread 0x000001c4334598b0 13956       2       java.lang.ClassValue::castEntry (2 bytes)
Event: 3451.604 Thread 0x000001c4334598b0 nmethod 13956 0x000001c41d6d4e90 code [0x000001c41d6d5020, 0x000001c41d6d5138]
Event: 3451.604 Thread 0x000001c4334598b0 13957       3       java.lang.ClassValue::match (21 bytes)
Event: 3451.604 Thread 0x000001c4334598b0 nmethod 13957 0x000001c41d6d5210 code [0x000001c41d6d53a0, 0x000001c41d6d5618]
Event: 3451.608 Thread 0x000001c433458ec0 nmethod 13888 0x000001c424218b10 code [0x000001c424218d60, 0x000001c4242198d0]
Event: 3451.608 Thread 0x000001c4334598b0 13958       3       org.gradle.internal.snapshot.impl.ImplementationSnapshot::isLambdaClassName (7 bytes)
Event: 3451.608 Thread 0x000001c433458ec0 13946       4       org.gradle.internal.Deferrable$1$$Lambda$1137/0x0000000100c692b0::apply (13 bytes)
Event: 3451.608 Thread 0x000001c4334598b0 nmethod 13958 0x000001c41d6d5710 code [0x000001c41d6d58c0, 0x000001c41d6d5b08]
Event: 3451.614 Thread 0x000001c4334598b0 13960       3       com.google.common.collect.ImmutableMultimap::asMap (5 bytes)
Event: 3451.614 Thread 0x000001c4334598b0 nmethod 13960 0x000001c41d6d5c10 code [0x000001c41d6d5da0, 0x000001c41d6d5f38]

GC Heap History (20 events):
Event: 21.540 GC heap before
{Heap before GC invocations=44 (full 0):
 garbage-first heap   total 138240K, used 110874K [0x0000000080000000, 0x0000000100000000)
  region size 1024K, 38 young (38912K), 3 survivors (3072K)
 Metaspace       used 90504K, committed 91200K, reserved 1130496K
  class space    used 12460K, committed 12800K, reserved 1048576K
}
Event: 21.543 GC heap after
{Heap after GC invocations=45 (full 0):
 garbage-first heap   total 138240K, used 78114K [0x0000000080000000, 0x0000000100000000)
  region size 1024K, 5 young (5120K), 5 survivors (5120K)
 Metaspace       used 90504K, committed 91200K, reserved 1130496K
  class space    used 12460K, committed 12800K, reserved 1048576K
}
Event: 21.993 GC heap before
{Heap before GC invocations=46 (full 0):
 garbage-first heap   total 138240K, used 111906K [0x0000000080000000, 0x0000000100000000)
  region size 1024K, 39 young (39936K), 5 survivors (5120K)
 Metaspace       used 91006K, committed 91712K, reserved 1130496K
  class space    used 12503K, committed 12864K, reserved 1048576K
}
Event: 21.999 GC heap after
{Heap after GC invocations=47 (full 0):
 garbage-first heap   total 138240K, used 80653K [0x0000000080000000, 0x0000000100000000)
  region size 1024K, 5 young (5120K), 5 survivors (5120K)
 Metaspace       used 91006K, committed 91712K, reserved 1130496K
  class space    used 12503K, committed 12864K, reserved 1048576K
}
Event: 22.009 GC heap before
{Heap before GC invocations=47 (full 0):
 garbage-first heap   total 138240K, used 81677K [0x0000000080000000, 0x0000000100000000)
  region size 1024K, 6 young (6144K), 5 survivors (5120K)
 Metaspace       used 91017K, committed 91712K, reserved 1130496K
  class space    used 12503K, committed 12864K, reserved 1048576K
}
Event: 22.013 GC heap after
{Heap after GC invocations=48 (full 0):
 garbage-first heap   total 165888K, used 80839K [0x0000000080000000, 0x0000000100000000)
  region size 1024K, 1 young (1024K), 1 survivors (1024K)
 Metaspace       used 91017K, committed 91712K, reserved 1130496K
  class space    used 12503K, committed 12864K, reserved 1048576K
}
Event: 22.452 GC heap before
{Heap before GC invocations=48 (full 0):
 garbage-first heap   total 165888K, used 129991K [0x0000000080000000, 0x0000000100000000)
  region size 1024K, 50 young (51200K), 1 survivors (1024K)
 Metaspace       used 91259K, committed 91968K, reserved 1130496K
  class space    used 12509K, committed 12864K, reserved 1048576K
}
Event: 22.456 GC heap after
{Heap after GC invocations=49 (full 0):
 garbage-first heap   total 165888K, used 83095K [0x0000000080000000, 0x0000000100000000)
  region size 1024K, 3 young (3072K), 3 survivors (3072K)
 Metaspace       used 91259K, committed 91968K, reserved 1130496K
  class space    used 12509K, committed 12864K, reserved 1048576K
}
Event: 122.334 GC heap before
{Heap before GC invocations=50 (full 0):
 garbage-first heap   total 165888K, used 133271K [0x0000000080000000, 0x0000000100000000)
  region size 1024K, 53 young (54272K), 3 survivors (3072K)
 Metaspace       used 92634K, committed 93376K, reserved 1130496K
  class space    used 12654K, committed 12992K, reserved 1048576K
}
Event: 122.340 GC heap after
{Heap after GC invocations=51 (full 0):
 garbage-first heap   total 165888K, used 87272K [0x0000000080000000, 0x0000000100000000)
  region size 1024K, 7 young (7168K), 7 survivors (7168K)
 Metaspace       used 92634K, committed 93376K, reserved 1130496K
  class space    used 12654K, committed 12992K, reserved 1048576K
}
Event: 122.358 GC heap before
{Heap before GC invocations=51 (full 0):
 garbage-first heap   total 165888K, used 88296K [0x0000000080000000, 0x0000000100000000)
  region size 1024K, 8 young (8192K), 7 survivors (7168K)
 Metaspace       used 92649K, committed 93376K, reserved 1130496K
  class space    used 12654K, committed 12992K, reserved 1048576K
}
Event: 122.364 GC heap after
{Heap after GC invocations=52 (full 0):
 garbage-first heap   total 165888K, used 87852K [0x0000000080000000, 0x0000000100000000)
  region size 1024K, 1 young (1024K), 1 survivors (1024K)
 Metaspace       used 92649K, committed 93376K, reserved 1130496K
  class space    used 12654K, committed 12992K, reserved 1048576K
}
Event: 874.017 GC heap before
{Heap before GC invocations=52 (full 0):
 garbage-first heap   total 165888K, used 133932K [0x0000000080000000, 0x0000000100000000)
  region size 1024K, 47 young (48128K), 1 survivors (1024K)
 Metaspace       used 93226K, committed 93888K, reserved 1130496K
  class space    used 12666K, committed 12992K, reserved 1048576K
}
Event: 874.079 GC heap after
{Heap after GC invocations=53 (full 0):
 garbage-first heap   total 165888K, used 90537K [0x0000000080000000, 0x0000000100000000)
  region size 1024K, 4 young (4096K), 4 survivors (4096K)
 Metaspace       used 93226K, committed 93888K, reserved 1130496K
  class space    used 12666K, committed 12992K, reserved 1048576K
}
Event: 3181.778 GC heap before
{Heap before GC invocations=54 (full 0):
 garbage-first heap   total 165888K, used 135593K [0x0000000080000000, 0x0000000100000000)
  region size 1024K, 48 young (49152K), 4 survivors (4096K)
 Metaspace       used 93361K, committed 94080K, reserved 1130496K
  class space    used 12670K, committed 12992K, reserved 1048576K
}
Event: 3181.800 GC heap after
{Heap after GC invocations=55 (full 0):
 garbage-first heap   total 165888K, used 90852K [0x0000000080000000, 0x0000000100000000)
  region size 1024K, 1 young (1024K), 1 survivors (1024K)
 Metaspace       used 93361K, committed 94080K, reserved 1130496K
  class space    used 12670K, committed 12992K, reserved 1048576K
}
Event: 3450.056 GC heap before
{Heap before GC invocations=55 (full 0):
 garbage-first heap   total 165888K, used 98020K [0x0000000080000000, 0x0000000100000000)
  region size 1024K, 8 young (8192K), 1 survivors (1024K)
 Metaspace       used 93371K, committed 94080K, reserved 1130496K
  class space    used 12670K, committed 12992K, reserved 1048576K
}
Event: 3450.075 GC heap after
{Heap after GC invocations=56 (full 0):
 garbage-first heap   total 165888K, used 88336K [0x0000000080000000, 0x0000000100000000)
  region size 1024K, 1 young (1024K), 1 survivors (1024K)
 Metaspace       used 93371K, committed 94080K, reserved 1130496K
  class space    used 12670K, committed 12992K, reserved 1048576K
}
Event: 3451.383 GC heap before
{Heap before GC invocations=56 (full 0):
 garbage-first heap   total 165888K, used 136464K [0x0000000080000000, 0x0000000100000000)
  region size 1024K, 49 young (50176K), 1 survivors (1024K)
 Metaspace       used 93685K, committed 94464K, reserved 1130496K
  class space    used 12686K, committed 13056K, reserved 1048576K
}
Event: 3451.396 GC heap after
{Heap after GC invocations=57 (full 0):
 garbage-first heap   total 165888K, used 93643K [0x0000000080000000, 0x0000000100000000)
  region size 1024K, 6 young (6144K), 6 survivors (6144K)
 Metaspace       used 93685K, committed 94464K, reserved 1130496K
  class space    used 12686K, committed 13056K, reserved 1048576K
}

Dll operation events (2 events):
Event: 0.016 Loaded shared library C:\Program Files\Android\Android Studio\jbr\bin\java.dll
Event: 0.793 Loaded shared library C:\Program Files\Android\Android Studio\jbr\bin\verify.dll

Deoptimization events (20 events):
Event: 3451.215 Thread 0x000001c437deb3d0 Uncommon trap: trap_request=0xffffffbe fr.pc=0x000001c424085dc0 relative=0x00000000000001a0
Event: 3451.215 Thread 0x000001c437deb3d0 Uncommon trap: reason=profile_predicate action=maybe_recompile pc=0x000001c424085dc0 method=java.util.LinkedHashMap.keysToArray([Ljava/lang/Object;)[Ljava/lang/Object; @ 12 c2
Event: 3451.215 Thread 0x000001c437deb3d0 DEOPT PACKING pc=0x000001c424085dc0 sp=0x00000072ee8fa260
Event: 3451.215 Thread 0x000001c437deb3d0 DEOPT UNPACKING pc=0x000001c4234da1a3 sp=0x00000072ee8fa218 mode 2
Event: 3451.562 Thread 0x000001c43975f210 Uncommon trap: trap_request=0xffffff45 fr.pc=0x000001c4240c0518 relative=0x0000000000001b78
Event: 3451.564 Thread 0x000001c43975f210 Uncommon trap: reason=unstable_if action=reinterpret pc=0x000001c4240c0518 method=java.io.ClassCache.processQueue()V @ 9 c2
Event: 3451.564 Thread 0x000001c43975f210 DEOPT PACKING pc=0x000001c4240c0518 sp=0x00000072e7dfeb80
Event: 3451.571 Thread 0x000001c43975f210 DEOPT UNPACKING pc=0x000001c4234da1a3 sp=0x00000072e7dfea08 mode 2
Event: 3451.573 Thread 0x000001c43975f210 Uncommon trap: trap_request=0xffffff45 fr.pc=0x000001c423d82064 relative=0x0000000000000144
Event: 3451.573 Thread 0x000001c43975f210 Uncommon trap: reason=unstable_if action=reinterpret pc=0x000001c423d82064 method=java.lang.ClassValue.match(Ljava/lang/ClassValue$Entry;)Z @ 12 c2
Event: 3451.573 Thread 0x000001c43975f210 DEOPT PACKING pc=0x000001c423d82064 sp=0x00000072e7dfea20
Event: 3451.573 Thread 0x000001c43975f210 DEOPT UNPACKING pc=0x000001c4234da1a3 sp=0x00000072e7dfe980 mode 2
Event: 3451.573 Thread 0x000001c43975f210 Uncommon trap: trap_request=0xffffff45 fr.pc=0x000001c4240b8c90 relative=0x0000000000000630
Event: 3451.573 Thread 0x000001c43975f210 Uncommon trap: reason=unstable_if action=reinterpret pc=0x000001c4240b8c90 method=java.lang.ClassValue.match(Ljava/lang/ClassValue$Entry;)Z @ 12 c2
Event: 3451.573 Thread 0x000001c43975f210 DEOPT PACKING pc=0x000001c4240b8c90 sp=0x00000072e7dfe790
Event: 3451.573 Thread 0x000001c43975f210 DEOPT UNPACKING pc=0x000001c4234da1a3 sp=0x00000072e7dfe670 mode 2
Event: 3451.614 Thread 0x000001c435840f80 Uncommon trap: trap_request=0xffffff45 fr.pc=0x000001c423bf6768 relative=0x00000000000003c8
Event: 3451.614 Thread 0x000001c435840f80 Uncommon trap: reason=unstable_if action=reinterpret pc=0x000001c423bf6768 method=java.lang.ref.SoftReference.get()Ljava/lang/Object; @ 6 c2
Event: 3451.614 Thread 0x000001c435840f80 DEOPT PACKING pc=0x000001c423bf6768 sp=0x00000072ee9fb630
Event: 3451.614 Thread 0x000001c435840f80 DEOPT UNPACKING pc=0x000001c4234da1a3 sp=0x00000072ee9fb578 mode 2

Classes unloaded (20 events):
Event: 3451.514 Thread 0x000001c43341d920 Unloading class 0x000000010028e000 'java/lang/invoke/LambdaForm$MH+0x000000010028e000'
Event: 3451.514 Thread 0x000001c43341d920 Unloading class 0x000000010028dc00 'java/lang/invoke/LambdaForm$MH+0x000000010028dc00'
Event: 3451.514 Thread 0x000001c43341d920 Unloading class 0x000000010028d800 'java/lang/invoke/LambdaForm$MH+0x000000010028d800'
Event: 3451.514 Thread 0x000001c43341d920 Unloading class 0x000000010028c800 'java/lang/invoke/LambdaForm$MH+0x000000010028c800'
Event: 3451.514 Thread 0x000001c43341d920 Unloading class 0x000000010028c400 'java/lang/invoke/LambdaForm$BMH+0x000000010028c400'
Event: 3451.514 Thread 0x000001c43341d920 Unloading class 0x0000000100200400 'java/lang/invoke/LambdaForm$DMH+0x0000000100200400'
Event: 3451.514 Thread 0x000001c43341d920 Unloading class 0x00000001001bdc00 'java/lang/invoke/LambdaForm$DMH+0x00000001001bdc00'
Event: 3451.514 Thread 0x000001c43341d920 Unloading class 0x00000001001bd800 'java/lang/invoke/LambdaForm$MH+0x00000001001bd800'
Event: 3451.514 Thread 0x000001c43341d920 Unloading class 0x00000001001bd400 'java/lang/invoke/LambdaForm$MH+0x00000001001bd400'
Event: 3451.514 Thread 0x000001c43341d920 Unloading class 0x00000001001bd000 'java/lang/invoke/LambdaForm$MH+0x00000001001bd000'
Event: 3451.514 Thread 0x000001c43341d920 Unloading class 0x00000001001bcc00 'java/lang/invoke/LambdaForm$MH+0x00000001001bcc00'
Event: 3451.514 Thread 0x000001c43341d920 Unloading class 0x0000000100193000 'java/lang/invoke/LambdaForm$MH+0x0000000100193000'
Event: 3451.514 Thread 0x000001c43341d920 Unloading class 0x0000000100192800 'java/lang/invoke/LambdaForm$MH+0x0000000100192800'
Event: 3451.514 Thread 0x000001c43341d920 Unloading class 0x0000000100192400 'java/lang/invoke/LambdaForm$MH+0x0000000100192400'
Event: 3451.514 Thread 0x000001c43341d920 Unloading class 0x0000000100192000 'java/lang/invoke/LambdaForm$MH+0x0000000100192000'
Event: 3451.514 Thread 0x000001c43341d920 Unloading class 0x0000000100191c00 'java/lang/invoke/LambdaForm$MH+0x0000000100191c00'
Event: 3451.514 Thread 0x000001c43341d920 Unloading class 0x0000000100191400 'java/lang/invoke/LambdaForm$MH+0x0000000100191400'
Event: 3451.514 Thread 0x000001c43341d920 Unloading class 0x00000001000a6c00 'java/lang/invoke/LambdaForm$MH+0x00000001000a6c00'
Event: 3451.514 Thread 0x000001c43341d920 Unloading class 0x00000001000a6800 'java/lang/invoke/LambdaForm$MH+0x00000001000a6800'
Event: 3451.514 Thread 0x000001c43341d920 Unloading class 0x00000001000a4400 'java/lang/invoke/LambdaForm$MH+0x00000001000a4400'

Classes redefined (0 events):
No events

Internal exceptions (20 events):
Event: 122.382 Thread 0x000001c43a3569a0 Exception <a 'sun/nio/fs/WindowsException'{0x000000008bbd0b70}> (0x000000008bbd0b70) 
thrown [s\src\hotspot\share\prims\jni.cpp, line 517]
Event: 122.382 Thread 0x000001c43a3569a0 Exception <a 'sun/nio/fs/WindowsException'{0x000000008bbd1f38}> (0x000000008bbd1f38) 
thrown [s\src\hotspot\share\prims\jni.cpp, line 517]
Event: 122.512 Thread 0x000001c43ab058f0 Exception <a 'sun/nio/fs/WindowsException'{0x0000000089ce5d10}> (0x0000000089ce5d10) 
thrown [s\src\hotspot\share\prims\jni.cpp, line 517]
Event: 122.914 Thread 0x000001c4381abab0 Exception <a 'sun/nio/fs/WindowsException'{0x0000000088b94d90}> (0x0000000088b94d90) 
thrown [s\src\hotspot\share\prims\jni.cpp, line 517]
Event: 122.942 Thread 0x000001c4381abab0 Exception <a 'sun/nio/fs/WindowsException'{0x0000000088a5a8f0}> (0x0000000088a5a8f0) 
thrown [s\src\hotspot\share\prims\jni.cpp, line 517]
Event: 123.064 Thread 0x000001c4381abab0 Exception <a 'sun/nio/fs/WindowsException'{0x000000008855b580}> (0x000000008855b580) 
thrown [s\src\hotspot\share\prims\jni.cpp, line 517]
Event: 123.078 Thread 0x000001c4381abab0 Exception <a 'sun/nio/fs/WindowsException'{0x000000008841d728}> (0x000000008841d728) 
thrown [s\src\hotspot\share\prims\jni.cpp, line 517]
Event: 123.142 Thread 0x000001c43a3569a0 Exception <a 'sun/nio/fs/WindowsException'{0x0000000089df8980}> (0x0000000089df8980) 
thrown [s\src\hotspot\share\prims\jni.cpp, line 517]
Event: 123.142 Thread 0x000001c43a3569a0 Exception <a 'sun/nio/fs/WindowsException'{0x0000000089df8d40}> (0x0000000089df8d40) 
thrown [s\src\hotspot\share\prims\jni.cpp, line 517]
Event: 123.143 Thread 0x000001c43a3569a0 Exception <a 'sun/nio/fs/WindowsException'{0x0000000089dfabf0}> (0x0000000089dfabf0) 
thrown [s\src\hotspot\share\prims\jni.cpp, line 517]
Event: 1060.177 Thread 0x000001c4340dd9b0 Implicit null exception at 0x000001c423cf1083 to 0x000001c423cf123c
Event: 3450.754 Thread 0x000001c43a7d2ea0 Exception <a 'sun/nio/fs/WindowsException'{0x000000008849f050}> (0x000000008849f050) 
thrown [s\src\hotspot\share\prims\jni.cpp, line 517]
Event: 3450.939 Thread 0x000001c43a7d2ea0 Exception <a 'java/lang/NoClassDefFoundError'{0x0000000087f36710}: org/jetbrains/kotlin/gradle/plugin/KotlinBasePluginWrapper> (0x0000000087f36710) 
thrown [s\src\hotspot\share\oops\constantPool.cpp, line 835]
Event: 3451.032 Thread 0x000001c43a7d2ea0 Exception <a 'sun/nio/fs/WindowsException'{0x0000000087cf2fb8}> (0x0000000087cf2fb8) 
thrown [s\src\hotspot\share\prims\jni.cpp, line 517]
Event: 3451.052 Thread 0x000001c43a7d2ea0 Exception <a 'sun/nio/fs/WindowsException'{0x0000000087b90a48}> (0x0000000087b90a48) 
thrown [s\src\hotspot\share\prims\jni.cpp, line 517]
Event: 3451.052 Thread 0x000001c43a7d2ea0 Exception <a 'sun/nio/fs/WindowsException'{0x0000000087b91dc0}> (0x0000000087b91dc0) 
thrown [s\src\hotspot\share\prims\jni.cpp, line 517]
Event: 3451.053 Thread 0x000001c43a7d2ea0 Exception <a 'sun/nio/fs/WindowsException'{0x0000000087b93188}> (0x0000000087b93188) 
thrown [s\src\hotspot\share\prims\jni.cpp, line 517]
Event: 3451.053 Thread 0x000001c43a7d2ea0 Exception <a 'sun/nio/fs/WindowsException'{0x0000000087b94550}> (0x0000000087b94550) 
thrown [s\src\hotspot\share\prims\jni.cpp, line 517]
Event: 3451.150 Thread 0x000001c437deb3d0 Exception <a 'sun/nio/fs/WindowsException'{0x00000000877569d0}> (0x00000000877569d0) 
thrown [s\src\hotspot\share\prims\jni.cpp, line 517]
Event: 3451.614 Thread 0x000001c435840f80 Implicit null exception at 0x000001c423bf6552 to 0x000001c423bf6750

VM Operations (20 events):
Event: 3162.553 Executing VM operation: Cleanup
Event: 3162.553 Executing VM operation: Cleanup done
Event: 3181.777 Executing VM operation: G1CollectForAllocation
Event: 3181.800 Executing VM operation: G1CollectForAllocation done
Event: 3188.867 Executing VM operation: Cleanup
Event: 3188.867 Executing VM operation: Cleanup done
Event: 3219.158 Executing VM operation: Cleanup
Event: 3219.158 Executing VM operation: Cleanup done
Event: 3450.056 Executing VM operation: G1CollectForAllocation
Event: 3450.075 Executing VM operation: G1CollectForAllocation done
Event: 3450.848 Executing VM operation: ICBufferFull
Event: 3450.850 Executing VM operation: ICBufferFull done
Event: 3451.159 Executing VM operation: ICBufferFull
Event: 3451.161 Executing VM operation: ICBufferFull done
Event: 3451.383 Executing VM operation: G1CollectForAllocation
Event: 3451.396 Executing VM operation: G1CollectForAllocation done
Event: 3451.509 Executing VM operation: G1Concurrent
Event: 3451.560 Executing VM operation: G1Concurrent done
Event: 3451.593 Executing VM operation: G1Concurrent
Event: 3451.594 Executing VM operation: G1Concurrent done

Events (20 events):
Event: 3450.604 Thread 0x000001c43d4aeba0 Thread added: 0x000001c43d4aeba0
Event: 3450.605 Thread 0x000001c43d4af540 Thread added: 0x000001c43d4af540
Event: 3450.605 Thread 0x000001c43d343890 Thread added: 0x000001c43d343890
Event: 3450.606 Thread 0x000001c43d342080 Thread added: 0x000001c43d342080
Event: 3450.606 Thread 0x000001c43d3433c0 Thread added: 0x000001c43d3433c0
Event: 3450.606 Thread 0x000001c43d342550 Thread added: 0x000001c43d342550
Event: 3450.607 Thread 0x000001c43d342a20 Thread added: 0x000001c43d342a20
Event: 3450.607 Thread 0x000001c435ab8980 Thread added: 0x000001c435ab8980
Event: 3450.607 Thread 0x000001c43d342ef0 Thread added: 0x000001c43d342ef0
Event: 3450.608 Thread 0x000001c438d43f00 Thread added: 0x000001c438d43f00
Event: 3450.699 Thread 0x000001c437deaa30 Thread added: 0x000001c437deaa30
Event: 3451.130 Thread 0x000001c437deb3d0 Thread added: 0x000001c437deb3d0
Event: 3451.131 Thread 0x000001c435840f80 Thread added: 0x000001c435840f80
Event: 3451.132 Thread 0x000001c435842c60 Thread added: 0x000001c435842c60
Event: 3451.132 Thread 0x000001c4378f9570 Thread added: 0x000001c4378f9570
Event: 3451.132 Thread 0x000001c4378f6ef0 Thread added: 0x000001c4378f6ef0
Event: 3451.132 Thread 0x000001c4378f9a40 Thread added: 0x000001c4378f9a40
Event: 3451.132 Thread 0x000001c4378f6080 Thread added: 0x000001c4378f6080
Event: 3451.133 Thread 0x000001c4381aa770 Thread added: 0x000001c4381aa770
Event: 3451.136 Thread 0x000001c43a7d29d0 Thread added: 0x000001c43a7d29d0


Dynamic libraries:
0x00007ff61f5a0000 - 0x00007ff61f5aa000 	C:\Program Files\Android\Android Studio\jbr\bin\java.exe
0x00007ffb7dd10000 - 0x00007ffb7df27000 	C:\WINDOWS\SYSTEM32\ntdll.dll
0x00007ffb7c5e0000 - 0x00007ffb7c6a4000 	C:\WINDOWS\System32\KERNEL32.DLL
0x00007ffb7b170000 - 0x00007ffb7b516000 	C:\WINDOWS\System32\KERNELBASE.dll
0x00007ffb7b730000 - 0x00007ffb7b841000 	C:\WINDOWS\System32\ucrtbase.dll
0x00007ffb5fdc0000 - 0x00007ffb5fddb000 	C:\Program Files\Android\Android Studio\jbr\bin\VCRUNTIME140.dll
0x00007ffb68c00000 - 0x00007ffb68c17000 	C:\Program Files\Android\Android Studio\jbr\bin\jli.dll
0x00007ffb7c7c0000 - 0x00007ffb7c96e000 	C:\WINDOWS\System32\USER32.dll
0x00007ffb7b850000 - 0x00007ffb7b876000 	C:\WINDOWS\System32\win32u.dll
0x00007ffb7c970000 - 0x00007ffb7c999000 	C:\WINDOWS\System32\GDI32.dll
0x00007ffb7b940000 - 0x00007ffb7ba58000 	C:\WINDOWS\System32\gdi32full.dll
0x00007ffb7a400000 - 0x00007ffb7a693000 	C:\WINDOWS\WinSxS\amd64_microsoft.windows.common-controls_6595b64144ccf1df_6.0.22621.2506_none_270c5ae97388e100\COMCTL32.dll
0x00007ffb7dae0000 - 0x00007ffb7db87000 	C:\WINDOWS\System32\msvcrt.dll
0x00007ffb7b690000 - 0x00007ffb7b72a000 	C:\WINDOWS\System32\msvcp_win.dll
0x00007ffb7bb30000 - 0x00007ffb7bb61000 	C:\WINDOWS\System32\IMM32.DLL
0x00007ffb62580000 - 0x00007ffb6258c000 	C:\Program Files\Android\Android Studio\jbr\bin\vcruntime140_1.dll
0x00007ffb318e0000 - 0x00007ffb3196d000 	C:\Program Files\Android\Android Studio\jbr\bin\msvcp140.dll
0x00007ffaf7ef0000 - 0x00007ffaf8b5e000 	C:\Program Files\Android\Android Studio\jbr\bin\server\jvm.dll
0x00007ffb7ba60000 - 0x00007ffb7bb11000 	C:\WINDOWS\System32\ADVAPI32.dll
0x00007ffb7db90000 - 0x00007ffb7dc35000 	C:\WINDOWS\System32\sechost.dll
0x00007ffb7cdf0000 - 0x00007ffb7cf07000 	C:\WINDOWS\System32\RPCRT4.dll
0x00007ffb77630000 - 0x00007ffb7763a000 	C:\WINDOWS\SYSTEM32\VERSION.dll
0x00007ffb71770000 - 0x00007ffb717a4000 	C:\WINDOWS\SYSTEM32\WINMM.dll
0x00007ffb79f70000 - 0x00007ffb79f79000 	C:\WINDOWS\SYSTEM32\WSOCK32.dll
0x00007ffb7da00000 - 0x00007ffb7da71000 	C:\WINDOWS\System32\WS2_32.dll
0x00007ffb79140000 - 0x00007ffb79158000 	C:\WINDOWS\SYSTEM32\kernel.appcore.dll
0x00007ffb72a80000 - 0x00007ffb72a8a000 	C:\Program Files\Android\Android Studio\jbr\bin\jimage.dll
0x00007ffb7a9f0000 - 0x00007ffb7ac23000 	C:\WINDOWS\SYSTEM32\DBGHELP.DLL
0x00007ffb7c9a0000 - 0x00007ffb7cd29000 	C:\WINDOWS\System32\combase.dll
0x00007ffb7d6a0000 - 0x00007ffb7d777000 	C:\WINDOWS\System32\OLEAUT32.dll
0x00007ffb7a860000 - 0x00007ffb7a892000 	C:\WINDOWS\SYSTEM32\dbgcore.DLL
0x00007ffb7b0f0000 - 0x00007ffb7b16a000 	C:\WINDOWS\System32\bcryptPrimitives.dll
0x00007ffb712c0000 - 0x00007ffb712e5000 	C:\Program Files\Android\Android Studio\jbr\bin\java.dll
0x00007ffb6e5e0000 - 0x00007ffb6e5f8000 	C:\Program Files\Android\Android Studio\jbr\bin\zip.dll
0x00007ffb7bb70000 - 0x00007ffb7c3ca000 	C:\WINDOWS\System32\SHELL32.dll
0x00007ffb78040000 - 0x00007ffb78936000 	C:\WINDOWS\SYSTEM32\windows.storage.dll
0x00007ffb77f00000 - 0x00007ffb7803e000 	C:\WINDOWS\SYSTEM32\wintypes.dll
0x00007ffb7d780000 - 0x00007ffb7d873000 	C:\WINDOWS\System32\SHCORE.dll
0x00007ffb7da80000 - 0x00007ffb7dade000 	C:\WINDOWS\System32\shlwapi.dll
0x00007ffb7afb0000 - 0x00007ffb7afd6000 	C:\WINDOWS\SYSTEM32\profapi.dll
0x00007ffb6e5a0000 - 0x00007ffb6e5b9000 	C:\Program Files\Android\Android Studio\jbr\bin\net.dll
0x00007ffb72860000 - 0x00007ffb72997000 	C:\WINDOWS\SYSTEM32\WINHTTP.dll
0x00007ffb79720000 - 0x00007ffb79789000 	C:\WINDOWS\system32\mswsock.dll
0x00007ffb6e370000 - 0x00007ffb6e386000 	C:\Program Files\Android\Android Studio\jbr\bin\nio.dll
0x00007ffb72a50000 - 0x00007ffb72a60000 	C:\Program Files\Android\Android Studio\jbr\bin\verify.dll
0x00007ffb4a740000 - 0x00007ffb4a767000 	C:\Users\mauri\.gradle\native\68d5fa5c4cc2d200863cafc0d521ce42e7d3e7ee720ec0a83991735586a16f82\windows-amd64\native-platform.dll
0x00007ffae1be0000 - 0x00007ffae1d24000 	C:\Users\mauri\.gradle\native\e376f236ea51e6404a007f0833ffe2c6e607c4080706a723a18a27aeea778392\windows-amd64\native-platform-file-events.dll
0x00007ffb712b0000 - 0x00007ffb712b9000 	C:\Program Files\Android\Android Studio\jbr\bin\management.dll
0x00007ffb6e590000 - 0x00007ffb6e59b000 	C:\Program Files\Android\Android Studio\jbr\bin\management_ext.dll
0x00007ffb7bb20000 - 0x00007ffb7bb28000 	C:\WINDOWS\System32\PSAPI.DLL
0x00007ffb7ad20000 - 0x00007ffb7ad3b000 	C:\WINDOWS\SYSTEM32\CRYPTSP.dll
0x00007ffb790a0000 - 0x00007ffb790d5000 	C:\WINDOWS\system32\rsaenh.dll
0x00007ffb797e0000 - 0x00007ffb7980c000 	C:\WINDOWS\SYSTEM32\USERENV.dll
0x00007ffb7a930000 - 0x00007ffb7a958000 	C:\WINDOWS\SYSTEM32\bcrypt.dll
0x00007ffb7a060000 - 0x00007ffb7a06c000 	C:\WINDOWS\SYSTEM32\CRYPTBASE.dll
0x00007ffb78ba0000 - 0x00007ffb78bcd000 	C:\WINDOWS\SYSTEM32\IPHLPAPI.DLL
0x00007ffb7cd30000 - 0x00007ffb7cd39000 	C:\WINDOWS\System32\NSI.dll
0x00007ffb72f40000 - 0x00007ffb72f59000 	C:\WINDOWS\SYSTEM32\dhcpcsvc6.DLL
0x00007ffb729d0000 - 0x00007ffb729ef000 	C:\WINDOWS\SYSTEM32\dhcpcsvc.DLL
0x00007ffb78c60000 - 0x00007ffb78d59000 	C:\WINDOWS\SYSTEM32\DNSAPI.dll
0x00007ffb599a0000 - 0x00007ffb599a8000 	C:\WINDOWS\system32\wshunix.dll

dbghelp: loaded successfully - version: 4.0.5 - missing functions: none
symbol engine: initialized successfully - sym options: 0x614 - pdb path: .;C:\Program Files\Android\Android Studio\jbr\bin;C:\WINDOWS\SYSTEM32;C:\WINDOWS\WinSxS\amd64_microsoft.windows.common-controls_6595b64144ccf1df_6.0.22621.2506_none_270c5ae97388e100;C:\Program Files\Android\Android Studio\jbr\bin\server;C:\Users\mauri\.gradle\native\68d5fa5c4cc2d200863cafc0d521ce42e7d3e7ee720ec0a83991735586a16f82\windows-amd64;C:\Users\mauri\.gradle\native\e376f236ea51e6404a007f0833ffe2c6e607c4080706a723a18a27aeea778392\windows-amd64

VM Arguments:
jvm_args: --add-opens=java.base/java.util=ALL-UNNAMED --add-opens=java.base/java.lang=ALL-UNNAMED --add-opens=java.base/java.lang.invoke=ALL-UNNAMED --add-opens=java.prefs/java.util.prefs=ALL-UNNAMED --add-opens=java.base/java.nio.charset=ALL-UNNAMED --add-opens=java.base/java.net=ALL-UNNAMED --add-opens=java.base/java.util.concurrent.atomic=ALL-UNNAMED -Xmx2048m -Dfile.encoding=UTF-8 -Duser.country=MX -Duser.language=es -Duser.variant 
java_command: org.gradle.launcher.daemon.bootstrap.GradleDaemon 8.0
java_class_path (initial): C:\Users\mauri\.gradle\wrapper\dists\gradle-8.0-bin\ca5e32bp14vu59qr306oxotwh\gradle-8.0\lib\gradle-launcher-8.0.jar
Launcher Type: SUN_STANDARD

[Global flags]
     intx CICompilerCount                          = 4                                         {product} {ergonomic}
     uint ConcGCThreads                            = 2                                         {product} {ergonomic}
     uint G1ConcRefinementThreads                  = 8                                         {product} {ergonomic}
   size_t G1HeapRegionSize                         = 1048576                                   {product} {ergonomic}
    uintx GCDrainStackTargetSize                   = 64                                        {product} {ergonomic}
   size_t InitialHeapSize                          = 197132288                                 {product} {ergonomic}
   size_t MarkStackSize                            = 4194304                                   {product} {ergonomic}
   size_t MaxHeapSize                              = 2147483648                                {product} {command line}
   size_t MaxNewSize                               = 1287651328                                {product} {ergonomic}
   size_t MinHeapDeltaBytes                        = 1048576                                   {product} {ergonomic}
   size_t MinHeapSize                              = 8388608                                   {product} {ergonomic}
    uintx NonNMethodCodeHeapSize                   = 5839372                                {pd product} {ergonomic}
    uintx NonProfiledCodeHeapSize                  = 122909434                              {pd product} {ergonomic}
    uintx ProfiledCodeHeapSize                     = 122909434                              {pd product} {ergonomic}
    uintx ReservedCodeCacheSize                    = 251658240                              {pd product} {ergonomic}
     bool SegmentedCodeCache                       = true                                      {product} {ergonomic}
   size_t SoftMaxHeapSize                          = 2147483648                             {manageable} {ergonomic}
     bool UseCompressedClassPointers               = true                           {product lp64_product} {ergonomic}
     bool UseCompressedOops                        = true                           {product lp64_product} {ergonomic}
     bool UseG1GC                                  = true                                      {product} {ergonomic}
     bool UseLargePagesIndividualAllocation        = false                                  {pd product} {ergonomic}

Logging:
Log output configuration:
 #0: stdout all=warning uptime,level,tags
 #1: stderr all=off uptime,level,tags

Environment Variables:
PATH=C:\Windows\system32;C:\Windows;C:\Windows\System32\Wbem;C:\Windows\System32\WindowsPowerShell\v1.0\;C:\Windows\System32\OpenSSH\;C:\Program Files (x86)\NVIDIA Corporation\PhysX\Common;C:\Program Files\NVIDIA Corporation\NVIDIA NvDLISR;C:\WINDOWS\system32;C:\WINDOWS;C:\WINDOWS\System32\Wbem;C:\WINDOWS\System32\WindowsPowerShell\v1.0\;C:\WINDOWS\System32\OpenSSH\;C:\Program Files\Git\cmd;C:\Program Files\nodejs\;C:\Users\mauri\AppData\Local\Microsoft\WindowsApps;C:\Users\mauri\AppData\Roaming\npm;C:\Users\mauri\AppData\Local\Programs\Microsoft VS Code\bin
USERNAME=mauri
OS=Windows_NT
PROCESSOR_IDENTIFIER=Intel64 Family 6 Model 126 Stepping 5, GenuineIntel
TMP=C:\Users\mauri\AppData\Local\Temp
TEMP=C:\Users\mauri\AppData\Local\Temp


JNI global refs:
JNI global refs: 26, weak refs: 0

JNI global refs memory usage: 843, weak refs: 841


---------------  S Y S T E M  ---------------

OS:
 Windows 11 , 64 bit Build 22621 (10.0.22621.2506)
OS uptime: 1 days 19:18 hours
Hyper-V role detected

CPU: total 8 (initial active 8) (4 cores per cpu, 2 threads per core) family 6 model 126 stepping 5 microcode 0x86, cx8, cmov, fxsr, ht, mmx, 3dnowpref, sse, sse2, sse3, ssse3, sse4.1, sse4.2, popcnt, lzcnt, tsc, tscinvbit, avx, avx2, aes, erms, clmul, bmi1, bmi2, adx, avx512f, avx512dq, avx512cd, avx512bw, avx512vl, sha, fma, vzeroupper, avx512_vpopcntdq, avx512_vpclmulqdq, avx512_vaes, avx512_vnni, clflush, clflushopt, avx512_vbmi2, avx512_vbmi, hv

Memory: 4k page, system-wide physical 12030M (558M free)
TotalPageFile size 18678M (AvailPageFile size 2832M)
current process WorkingSet (physical memory assigned to process): 363M, peak: 435M
current process commit charge ("private bytes"): 478M, peak: 482M

vm_info: OpenJDK 64-Bit Server VM (17.0.6+0-b2043.56-10027231) for windows-amd64 JRE (17.0.6+0-b2043.56-10027231), built on Apr 28 2023 00:43:19 by "androidbuild" with MS VC++ 16.10 / 16.11 (VS2019)

END.
